GeForce GTX 1080 Ti : 1582.000 Mhz   (Ordinal 0)
28 SMs enabled. Compute Capability sm_61
FreeMem:  11021MB   TotalMem:  11178MB   64-bit pointers.
Mem Clock: 5505.000 Mhz x 352 bits   (484.4 GB/s)
ECC Disabled


Keys:       16 bytes each
Values:     256 bytes each (256 bytes after compression)
Entries:    10000000
RawSize:    2594.0 MB (estimated)
FileSize:   2594.0 MB (estimated)
------------------------------------------------
max-key:62350 max-gdi:15687 blk:3615 M:2048 MaxOutFile:15728640
max-key:62350 max-gdi:15687 blk:3615 M:2048 MaxOutFile:15728640
max-key:62350 max-gdi:15687 blk:3615 M:2048 MaxOutFile:15728640
max-key:62350 max-gdi:15687 blk:3615 M:2048 MaxOutFile:15728640
fillrandom   :       4.556 micros/op;   56.9 MB/s
Microseconds per op:
Count: 10000000  Average: 4.5556  StdDev: 104.71
Min: 1.0000  Median: 3.5425  Max: 53277.0000
------------------------------------------------------
[       1,       2 )  141318   1.413%   1.413% 
[       2,       3 ) 2197222  21.972%  23.385% ####
[       3,       4 ) 4905742  49.057%  72.443% ##########
[       4,       5 ) 1474584  14.746%  87.189% ###
[       5,       6 )  508778   5.088%  92.276% #
[       6,       7 )  389522   3.895%  96.172% #
[       7,       8 )  171785   1.718%  97.890% 
[       8,       9 )   81221   0.812%  98.702% 
[       9,      10 )   42226   0.422%  99.124% 
[      10,      12 )   38835   0.388%  99.512% 
[      12,      14 )   18500   0.185%  99.697% 
[      14,      16 )    8912   0.089%  99.786% 
[      16,      18 )    4696   0.047%  99.833% 
[      18,      20 )    4106   0.041%  99.874% 
[      20,      25 )    2889   0.029%  99.903% 
[      25,      30 )     828   0.008%  99.912% 
[      30,      35 )     500   0.005%  99.917% 
[      35,      40 )     412   0.004%  99.921% 
[      40,      45 )     367   0.004%  99.924% 
[      45,      50 )     302   0.003%  99.927% 
[      50,      60 )     687   0.007%  99.934% 
[      60,      70 )     527   0.005%  99.940% 
[      70,      80 )     459   0.005%  99.944% 
[      80,      90 )     294   0.003%  99.947% 
[      90,     100 )     201   0.002%  99.949% 
[     100,     120 )     385   0.004%  99.953% 
[     120,     140 )     269   0.003%  99.956% 
[     140,     160 )     178   0.002%  99.957% 
[     160,     180 )     140   0.001%  99.959% 
[     180,     200 )      91   0.001%  99.960% 
[     200,     250 )     168   0.002%  99.961% 
[     250,     300 )      94   0.001%  99.962% 
[     300,     350 )      55   0.001%  99.963% 
[     350,     400 )      62   0.001%  99.964% 
[     400,     450 )      44   0.000%  99.964% 
[     450,     500 )      43   0.000%  99.964% 
[     500,     600 )      61   0.001%  99.965% 
[     600,     700 )      54   0.001%  99.966% 
[     700,     800 )      36   0.000%  99.966% 
[     800,     900 )      40   0.000%  99.966% 
[     900,    1000 )      29   0.000%  99.967% 
[    1000,    1200 )    1478   0.015%  99.981% 
[    1200,    1400 )      97   0.001%  99.982% 
[    1400,    1600 )     125   0.001%  99.984% 
[    1600,    1800 )     126   0.001%  99.985% 
[    1800,    2000 )      87   0.001%  99.986% 
[    2000,    2500 )     147   0.001%  99.987% 
[    2500,    3000 )     149   0.001%  99.989% 
[    3000,    3500 )     122   0.001%  99.990% 
[    3500,    4000 )     144   0.001%  99.991% 
[    4000,    4500 )     107   0.001%  99.992% 
[    4500,    5000 )     104   0.001%  99.993% 
[    5000,    6000 )     154   0.002%  99.995% 
[    6000,    7000 )      88   0.001%  99.996% 
[    7000,    8000 )      80   0.001%  99.997% 
[    8000,    9000 )      51   0.001%  99.997% 
[    9000,   10000 )      45   0.000%  99.998% 
[   10000,   12000 )      67   0.001%  99.998% 
[   12000,   14000 )      58   0.001%  99.999% 
[   14000,   16000 )      26   0.000%  99.999% 
[   16000,   18000 )      28   0.000%  99.999% 
[   18000,   20000 )      18   0.000% 100.000% 
[   20000,   25000 )      10   0.000% 100.000% 
[   25000,   30000 )       8   0.000% 100.000% 
[   30000,   35000 )      10   0.000% 100.000% 
[   35000,   40000 )       3   0.000% 100.000% 
[   40000,   45000 )       3   0.000% 100.000% 
[   45000,   50000 )       1   0.000% 100.000% 
[   50000,   60000 )       2   0.000% 100.000% 


                               Compactions
Level  Files Size(MB) Time(sec) Read(MB) Write(MB)
--------------------------------------------------
  0       17       60        12        0      2661
  1        5       17        12     3662      3616
  2       66      189        32     9708      9232
  3      395     1509        36    11871     10816
  4       26       96         1      138       136
  5       10       36         0       28        27
  6        5       18         0       22        21

