GeForce GTX 1080 Ti : 1582.000 Mhz   (Ordinal 0)
28 SMs enabled. Compute Capability sm_61
FreeMem:  11021MB   TotalMem:  11178MB   64-bit pointers.
Mem Clock: 5505.000 Mhz x 352 bits   (484.4 GB/s)
ECC Disabled


Keys:       16 bytes each
Values:     256 bytes each (256 bytes after compression)
Entries:    10000000
RawSize:    2594.0 MB (estimated)
FileSize:   2594.0 MB (estimated)
------------------------------------------------
max-key:62350 max-gdi:15687 blk:3615 M:2048 MaxOutFile:15728640
max-key:62350 max-gdi:15687 blk:3615 M:2048 MaxOutFile:15728640
fillrandom   :       5.030 micros/op;   51.6 MB/s
Microseconds per op:
Count: 10000000  Average: 5.0298  StdDev: 84.20
Min: 1.0000  Median: 2.7789  Max: 31717.0000
------------------------------------------------------
[       1,       2 )  992639   9.926%   9.926% ##
[       2,       3 ) 5144668  51.447%  61.373% ##########
[       3,       4 ) 2342780  23.428%  84.801% #####
[       4,       5 )  814800   8.148%  92.949% ##
[       5,       6 )  323086   3.231%  96.180% #
[       6,       7 )  168271   1.683%  97.862% 
[       7,       8 )   82545   0.825%  98.688% 
[       8,       9 )   35390   0.354%  99.042% 
[       9,      10 )   18833   0.188%  99.230% 
[      10,      12 )   21015   0.210%  99.440% 
[      12,      14 )   15953   0.160%  99.600% 
[      14,      16 )    6638   0.066%  99.666% 
[      16,      18 )    4017   0.040%  99.706% 
[      18,      20 )    5577   0.056%  99.762% 
[      20,      25 )    2659   0.027%  99.789% 
[      25,      30 )     509   0.005%  99.794% 
[      30,      35 )     448   0.004%  99.798% 
[      35,      40 )     416   0.004%  99.802% 
[      40,      45 )     301   0.003%  99.805% 
[      45,      50 )     254   0.003%  99.808% 
[      50,      60 )     502   0.005%  99.813% 
[      60,      70 )     307   0.003%  99.816% 
[      70,      80 )     101   0.001%  99.817% 
[      80,      90 )      31   0.000%  99.817% 
[      90,     100 )      19   0.000%  99.818% 
[     100,     120 )      16   0.000%  99.818% 
[     120,     140 )       7   0.000%  99.818% 
[     140,     160 )       6   0.000%  99.818% 
[     160,     180 )       7   0.000%  99.818% 
[     180,     200 )       3   0.000%  99.818% 
[     200,     250 )       5   0.000%  99.818% 
[     250,     300 )      14   0.000%  99.818% 
[     300,     350 )      21   0.000%  99.818% 
[     350,     400 )      30   0.000%  99.819% 
[     400,     450 )      23   0.000%  99.819% 
[     450,     500 )      20   0.000%  99.819% 
[     500,     600 )      31   0.000%  99.819% 
[     600,     700 )      38   0.000%  99.820% 
[     700,     800 )      29   0.000%  99.820% 
[     800,     900 )      36   0.000%  99.820% 
[     900,    1000 )      16   0.000%  99.821% 
[    1000,    1200 )   16299   0.163%  99.984% 
[    1200,    1400 )      90   0.001%  99.985% 
[    1400,    1600 )     132   0.001%  99.986% 
[    1600,    1800 )     185   0.002%  99.988% 
[    1800,    2000 )     118   0.001%  99.989% 
[    2000,    2500 )     165   0.002%  99.991% 
[    2500,    3000 )     155   0.002%  99.992% 
[    3000,    3500 )     173   0.002%  99.994% 
[    3500,    4000 )     130   0.001%  99.995% 
[    4000,    4500 )      81   0.001%  99.996% 
[    4500,    5000 )      72   0.001%  99.997% 
[    5000,    6000 )     118   0.001%  99.998% 
[    6000,    7000 )      76   0.001%  99.999% 
[    7000,    8000 )      42   0.000%  99.999% 
[    8000,    9000 )      21   0.000%  99.999% 
[    9000,   10000 )      10   0.000%  99.999% 
[   10000,   12000 )      11   0.000%  99.999% 
[   12000,   14000 )      10   0.000%  99.999% 
[   14000,   16000 )       4   0.000% 100.000% 
[   16000,   18000 )       4   0.000% 100.000% 
[   18000,   20000 )       5   0.000% 100.000% 
[   20000,   25000 )      22   0.000% 100.000% 
[   25000,   30000 )      15   0.000% 100.000% 
[   30000,   35000 )       1   0.000% 100.000% 


                               Compactions
Level  Files Size(MB) Time(sec) Read(MB) Write(MB)
--------------------------------------------------
  0       19       68        12        0      2665
  1       19       63        14     4318      4237
  2      143      538        27    10252      9897
  3      342     1347         6     2345      2132

