GeForce GTX 1080 Ti : 1582.000 Mhz   (Ordinal 0)
28 SMs enabled. Compute Capability sm_61
FreeMem:  11021MB   TotalMem:  11178MB   64-bit pointers.
Mem Clock: 5505.000 Mhz x 352 bits   (484.4 GB/s)
ECC Disabled


Keys:       16 bytes each
Values:     256 bytes each (256 bytes after compression)
Entries:    10000000
RawSize:    2594.0 MB (estimated)
FileSize:   2594.0 MB (estimated)
------------------------------------------------
max-key:62350 max-gdi:15687 blk:3615 M:2048 MaxOutFile:15728640
max-key:62350 max-gdi:15687 blk:3615 M:2048 MaxOutFile:15728640
max-key:62350 max-gdi:15687 blk:3615 M:2048 MaxOutFile:15728640
max-key:62350 max-gdi:15687 blk:3615 M:2048 MaxOutFile:15728640
fillrandom   :       5.491 micros/op;   47.2 MB/s
Microseconds per op:
Count: 10000000  Average: 5.4914  StdDev: 82.01
Min: 1.0000  Median: 2.8103  Max: 24462.0000
------------------------------------------------------
[       1,       2 )  821030   8.210%   8.210% ##
[       2,       3 ) 5157413  51.574%  59.784% ##########
[       3,       4 ) 2403103  24.031%  83.815% #####
[       4,       5 )  825294   8.253%  92.068% ##
[       5,       6 )  362024   3.620%  95.689% #
[       6,       7 )  192526   1.925%  97.614% 
[       7,       8 )   90688   0.907%  98.521% 
[       8,       9 )   39379   0.394%  98.915% 
[       9,      10 )   22371   0.224%  99.138% 
[      10,      12 )   22329   0.223%  99.362% 
[      12,      14 )   15842   0.158%  99.520% 
[      14,      16 )    8338   0.083%  99.603% 
[      16,      18 )    4790   0.048%  99.651% 
[      18,      20 )    6941   0.069%  99.721% 
[      20,      25 )    3276   0.033%  99.753% 
[      25,      30 )     577   0.006%  99.759% 
[      30,      35 )     251   0.003%  99.762% 
[      35,      40 )     237   0.002%  99.764% 
[      40,      45 )     221   0.002%  99.766% 
[      45,      50 )     325   0.003%  99.770% 
[      50,      60 )     578   0.006%  99.775% 
[      60,      70 )     494   0.005%  99.780% 
[      70,      80 )     275   0.003%  99.783% 
[      80,      90 )      70   0.001%  99.784% 
[      90,     100 )      45   0.000%  99.784% 
[     100,     120 )      33   0.000%  99.785% 
[     120,     140 )      20   0.000%  99.785% 
[     140,     160 )       7   0.000%  99.785% 
[     160,     180 )       3   0.000%  99.785% 
[     180,     200 )      14   0.000%  99.785% 
[     200,     250 )      16   0.000%  99.785% 
[     250,     300 )      18   0.000%  99.785% 
[     300,     350 )      16   0.000%  99.785% 
[     350,     400 )      15   0.000%  99.786% 
[     400,     450 )      21   0.000%  99.786% 
[     450,     500 )      23   0.000%  99.786% 
[     500,     600 )      53   0.001%  99.787% 
[     600,     700 )      63   0.001%  99.787% 
[     700,     800 )      52   0.001%  99.788% 
[     800,     900 )      26   0.000%  99.788% 
[     900,    1000 )      26   0.000%  99.788% 
[    1000,    1200 )   19170   0.192%  99.980% 
[    1200,    1400 )     264   0.003%  99.983% 
[    1400,    1600 )      95   0.001%  99.984% 
[    1600,    1800 )     150   0.002%  99.985% 
[    1800,    2000 )     153   0.002%  99.987% 
[    2000,    2500 )     227   0.002%  99.989% 
[    2500,    3000 )     233   0.002%  99.991% 
[    3000,    3500 )     183   0.002%  99.993% 
[    3500,    4000 )     169   0.002%  99.995% 
[    4000,    4500 )     150   0.002%  99.996% 
[    4500,    5000 )     105   0.001%  99.997% 
[    5000,    6000 )     100   0.001%  99.998% 
[    6000,    7000 )      47   0.000%  99.999% 
[    7000,    8000 )      40   0.000%  99.999% 
[    8000,    9000 )      15   0.000%  99.999% 
[    9000,   10000 )      13   0.000%  99.999% 
[   10000,   12000 )      15   0.000% 100.000% 
[   12000,   14000 )       1   0.000% 100.000% 
[   14000,   16000 )       6   0.000% 100.000% 
[   16000,   18000 )       6   0.000% 100.000% 
[   18000,   20000 )       7   0.000% 100.000% 
[   20000,   25000 )      28   0.000% 100.000% 


                               Compactions
Level  Files Size(MB) Time(sec) Read(MB) Write(MB)
--------------------------------------------------
  0       18       64        11        0      2665
  1        9       28        11     3408      3349
  2       96      302        25     9308      9113
  3      386     1511        15     5994      5488

