GeForce GTX 1080 Ti : 1582.000 Mhz   (Ordinal 0)
28 SMs enabled. Compute Capability sm_61
FreeMem:  11021MB   TotalMem:  11178MB   64-bit pointers.
Mem Clock: 5505.000 Mhz x 352 bits   (484.4 GB/s)
ECC Disabled


Keys:       16 bytes each
Values:     256 bytes each (256 bytes after compression)
Entries:    10000000
RawSize:    2594.0 MB (estimated)
FileSize:   2594.0 MB (estimated)
------------------------------------------------
max-key:62350 max-gdi:15687 blk:3615 M:2048 MaxOutFile:15728640
max-key:62350 max-gdi:15687 blk:3615 M:2048 MaxOutFile:15728640
fillrandom   :       5.182 micros/op;   50.1 MB/s
Microseconds per op:
Count: 10000000  Average: 5.1824  StdDev: 85.93
Min: 1.0000  Median: 2.8354  Max: 31536.0000
------------------------------------------------------
[       1,       2 )  877810   8.778%   8.778% ##
[       2,       3 ) 4934524  49.345%  58.123% ##########
[       3,       4 ) 2604226  26.042%  84.166% #####
[       4,       5 )  843319   8.433%  92.599% ##
[       5,       6 )  325871   3.259%  95.858% #
[       6,       7 )  190415   1.904%  97.762% 
[       7,       8 )   89300   0.893%  98.655% 
[       8,       9 )   37512   0.375%  99.030% 
[       9,      10 )   19514   0.195%  99.225% 
[      10,      12 )   20659   0.207%  99.432% 
[      12,      14 )   15199   0.152%  99.583% 
[      14,      16 )    7237   0.072%  99.656% 
[      16,      18 )    4189   0.042%  99.698% 
[      18,      20 )    5506   0.055%  99.753% 
[      20,      25 )    2564   0.026%  99.778% 
[      25,      30 )     562   0.006%  99.784% 
[      30,      35 )     425   0.004%  99.788% 
[      35,      40 )     418   0.004%  99.793% 
[      40,      45 )     334   0.003%  99.796% 
[      45,      50 )     314   0.003%  99.799% 
[      50,      60 )     495   0.005%  99.804% 
[      60,      70 )     367   0.004%  99.808% 
[      70,      80 )     122   0.001%  99.809% 
[      80,      90 )      51   0.001%  99.809% 
[      90,     100 )      25   0.000%  99.810% 
[     100,     120 )      33   0.000%  99.810% 
[     120,     140 )      29   0.000%  99.810% 
[     140,     160 )       5   0.000%  99.810% 
[     160,     180 )      16   0.000%  99.810% 
[     180,     200 )      15   0.000%  99.811% 
[     200,     250 )      26   0.000%  99.811% 
[     250,     300 )      30   0.000%  99.811% 
[     300,     350 )      30   0.000%  99.811% 
[     350,     400 )      26   0.000%  99.812% 
[     400,     450 )      23   0.000%  99.812% 
[     450,     500 )      29   0.000%  99.812% 
[     500,     600 )      59   0.001%  99.813% 
[     600,     700 )      48   0.000%  99.813% 
[     700,     800 )      34   0.000%  99.814% 
[     800,     900 )      27   0.000%  99.814% 
[     900,    1000 )      16   0.000%  99.814% 
[    1000,    1200 )   16877   0.169%  99.983% 
[    1200,    1400 )     109   0.001%  99.984% 
[    1400,    1600 )     125   0.001%  99.985% 
[    1600,    1800 )     196   0.002%  99.987% 
[    1800,    2000 )     153   0.002%  99.989% 
[    2000,    2500 )     192   0.002%  99.991% 
[    2500,    3000 )     166   0.002%  99.992% 
[    3000,    3500 )     140   0.001%  99.994% 
[    3500,    4000 )     136   0.001%  99.995% 
[    4000,    4500 )      97   0.001%  99.996% 
[    4500,    5000 )      63   0.001%  99.997% 
[    5000,    6000 )     129   0.001%  99.998% 
[    6000,    7000 )      59   0.001%  99.998% 
[    7000,    8000 )      36   0.000%  99.999% 
[    8000,    9000 )      16   0.000%  99.999% 
[    9000,   10000 )      17   0.000%  99.999% 
[   10000,   12000 )      21   0.000%  99.999% 
[   12000,   14000 )       7   0.000%  99.999% 
[   14000,   16000 )       8   0.000% 100.000% 
[   16000,   18000 )       6   0.000% 100.000% 
[   18000,   20000 )       5   0.000% 100.000% 
[   20000,   25000 )      22   0.000% 100.000% 
[   25000,   30000 )      15   0.000% 100.000% 
[   30000,   35000 )       1   0.000% 100.000% 


                               Compactions
Level  Files Size(MB) Time(sec) Read(MB) Write(MB)
--------------------------------------------------
  0       13       46        12        0      2665
  1       18       54        13     4315      4235
  2      149      553        29    10472     10119
  3      344     1355         6     2327      2102

