GeForce GTX 1080 Ti : 1582.000 Mhz   (Ordinal 0)
28 SMs enabled. Compute Capability sm_61
FreeMem:  11019MB   TotalMem:  11178MB   64-bit pointers.
Mem Clock: 5505.000 Mhz x 352 bits   (484.4 GB/s)
ECC Disabled


Keys:       16 bytes each
Values:     256 bytes each (256 bytes after compression)
Entries:    10000000
RawSize:    2594.0 MB (estimated)
FileSize:   2594.0 MB (estimated)
------------------------------------------------
max-key:62350 max-gdi:15687 blk:3615 M:2048 MaxOutFile:15728640
max-key:62350 max-gdi:15687 blk:3615 M:2048 MaxOutFile:15728640
fillseq      :       2.085 micros/op;  124.4 MB/s
Microseconds per op:
Count: 10000000  Average: 2.0847  StdDev: 29.51
Min: 1.0000  Median: 2.3423  Max: 54478.0000
------------------------------------------------------
[       1,       2 ) 3039652  30.397%  30.397% ######
[       2,       3 ) 5726567  57.266%  87.662% ###########
[       3,       4 )  806267   8.063%  95.725% ##
[       4,       5 )  259578   2.596%  98.321% #
[       5,       6 )   84109   0.841%  99.162% 
[       6,       7 )   35500   0.355%  99.517% 
[       7,       8 )    9591   0.096%  99.613% 
[       8,       9 )    3648   0.036%  99.649% 
[       9,      10 )    2140   0.021%  99.671% 
[      10,      12 )    3912   0.039%  99.710% 
[      12,      14 )   11359   0.114%  99.823% 
[      14,      16 )    4469   0.045%  99.868% 
[      16,      18 )    5013   0.050%  99.918% 
[      18,      20 )    4676   0.047%  99.965% 
[      20,      25 )     965   0.010%  99.974% 
[      25,      30 )     330   0.003%  99.978% 
[      30,      35 )     475   0.005%  99.983% 
[      35,      40 )     141   0.001%  99.984% 
[      40,      45 )      59   0.001%  99.985% 
[      45,      50 )      93   0.001%  99.985% 
[      50,      60 )     546   0.005%  99.991% 
[      60,      70 )      85   0.001%  99.992% 
[      70,      80 )      38   0.000%  99.992% 
[      80,      90 )       8   0.000%  99.992% 
[      90,     100 )       3   0.000%  99.992% 
[     100,     120 )       7   0.000%  99.992% 
[     120,     140 )       1   0.000%  99.992% 
[     160,     180 )       1   0.000%  99.992% 
[     180,     200 )       2   0.000%  99.992% 
[     200,     250 )       5   0.000%  99.992% 
[     250,     300 )       2   0.000%  99.992% 
[     300,     350 )       1   0.000%  99.992% 
[     500,     600 )       1   0.000%  99.992% 
[    1000,    1200 )      14   0.000%  99.993% 
[    1200,    1400 )      17   0.000%  99.993% 
[    1400,    1600 )     103   0.001%  99.994% 
[    1600,    1800 )     132   0.001%  99.995% 
[    1800,    2000 )     136   0.001%  99.996% 
[    2000,    2500 )     298   0.003%  99.999% 
[    2500,    3000 )      22   0.000% 100.000% 
[    3000,    3500 )      24   0.000% 100.000% 
[    3500,    4000 )       4   0.000% 100.000% 
[    9000,   10000 )       1   0.000% 100.000% 
[   14000,   16000 )       1   0.000% 100.000% 
[   18000,   20000 )       1   0.000% 100.000% 
[   30000,   35000 )       2   0.000% 100.000% 
[   50000,   60000 )       1   0.000% 100.000% 


                               Compactions
Level  Files Size(MB) Time(sec) Read(MB) Write(MB)
--------------------------------------------------
  2       28       99         9        0      2654
  3      283      999         0        0         0
  4      441     1556         0        0         0

