GeForce GTX 1080 Ti : 1582.000 Mhz   (Ordinal 0)
28 SMs enabled. Compute Capability sm_61
FreeMem:  11021MB   TotalMem:  11178MB   64-bit pointers.
Mem Clock: 5505.000 Mhz x 352 bits   (484.4 GB/s)
ECC Disabled


Keys:       16 bytes each
Values:     256 bytes each (256 bytes after compression)
Entries:    10000000
RawSize:    2594.0 MB (estimated)
FileSize:   2594.0 MB (estimated)
------------------------------------------------
max-key:62350 max-gdi:15687 blk:3615 M:2048 MaxOutFile:15728640
max-key:62350 max-gdi:15687 blk:3615 M:2048 MaxOutFile:15728640
max-key:62350 max-gdi:15687 blk:3615 M:2048 MaxOutFile:15728640
max-key:62350 max-gdi:15687 blk:3615 M:2048 MaxOutFile:15728640
fillrandom   :       5.530 micros/op;   46.9 MB/s
Microseconds per op:
Count: 10000000  Average: 5.5305  StdDev: 144.26
Min: 1.0000  Median: 3.5439  Max: 105594.0000
------------------------------------------------------
[       1,       2 )  297104   2.971%   2.971% #
[       2,       3 ) 2912306  29.123%  32.094% ######
[       3,       4 ) 3291937  32.919%  65.013% #######
[       4,       5 ) 1716996  17.170%  82.183% ###
[       5,       6 )  785312   7.853%  90.037% ##
[       6,       7 )  413601   4.136%  94.173% #
[       7,       8 )  218098   2.181%  96.354% 
[       8,       9 )  122094   1.221%  97.574% 
[       9,      10 )   70156   0.702%  98.276% 
[      10,      12 )   71471   0.715%  98.991% 
[      12,      14 )   35268   0.353%  99.343% 
[      14,      16 )   20229   0.202%  99.546% 
[      16,      18 )   10776   0.108%  99.653% 
[      18,      20 )    9874   0.099%  99.752% 
[      20,      25 )    7984   0.080%  99.832% 
[      25,      30 )    2223   0.022%  99.854% 
[      30,      35 )    1130   0.011%  99.866% 
[      35,      40 )     651   0.007%  99.872% 
[      40,      45 )     508   0.005%  99.877% 
[      45,      50 )     436   0.004%  99.882% 
[      50,      60 )     811   0.008%  99.890% 
[      60,      70 )     620   0.006%  99.896% 
[      70,      80 )     315   0.003%  99.899% 
[      80,      90 )     154   0.002%  99.901% 
[      90,     100 )      80   0.001%  99.901% 
[     100,     120 )      83   0.001%  99.902% 
[     120,     140 )      55   0.001%  99.903% 
[     140,     160 )      32   0.000%  99.903% 
[     160,     180 )      39   0.000%  99.903% 
[     180,     200 )      33   0.000%  99.904% 
[     200,     250 )      44   0.000%  99.904% 
[     250,     300 )      43   0.000%  99.905% 
[     300,     350 )      52   0.001%  99.905% 
[     350,     400 )      48   0.000%  99.906% 
[     400,     450 )      34   0.000%  99.906% 
[     450,     500 )      49   0.000%  99.906% 
[     500,     600 )      59   0.001%  99.907% 
[     600,     700 )      35   0.000%  99.907% 
[     700,     800 )      37   0.000%  99.908% 
[     800,     900 )      34   0.000%  99.908% 
[     900,    1000 )      26   0.000%  99.908% 
[    1000,    1200 )    6759   0.068%  99.976% 
[    1200,    1400 )     293   0.003%  99.979% 
[    1400,    1600 )     141   0.001%  99.980% 
[    1600,    1800 )     135   0.001%  99.982% 
[    1800,    2000 )     169   0.002%  99.983% 
[    2000,    2500 )     243   0.002%  99.986% 
[    2500,    3000 )     234   0.002%  99.988% 
[    3000,    3500 )     164   0.002%  99.990% 
[    3500,    4000 )     129   0.001%  99.991% 
[    4000,    4500 )     104   0.001%  99.992% 
[    4500,    5000 )      98   0.001%  99.993% 
[    5000,    6000 )     154   0.002%  99.995% 
[    6000,    7000 )      90   0.001%  99.996% 
[    7000,    8000 )      77   0.001%  99.996% 
[    8000,    9000 )      34   0.000%  99.997% 
[    9000,   10000 )      42   0.000%  99.997% 
[   10000,   12000 )      64   0.001%  99.998% 
[   12000,   14000 )      51   0.001%  99.998% 
[   14000,   16000 )      33   0.000%  99.999% 
[   16000,   18000 )      24   0.000%  99.999% 
[   18000,   20000 )      28   0.000%  99.999% 
[   20000,   25000 )      34   0.000%  99.999% 
[   25000,   30000 )      19   0.000% 100.000% 
[   30000,   35000 )      16   0.000% 100.000% 
[   35000,   40000 )      12   0.000% 100.000% 
[   40000,   45000 )       2   0.000% 100.000% 
[   45000,   50000 )       3   0.000% 100.000% 
[   50000,   60000 )       3   0.000% 100.000% 
[   60000,   70000 )       5   0.000% 100.000% 
[   80000,   90000 )       2   0.000% 100.000% 
[  100000,  120000 )       1   0.000% 100.000% 


                               Compactions
Level  Files Size(MB) Time(sec) Read(MB) Write(MB)
--------------------------------------------------
  0       15       53        15        0      2661
  1       11       32        21     6448      6364
  2       92      283        46    12202     10782
  3      389     1498        33    10080      9079
  4       32      128         0        0         0

