GeForce GTX 1080 Ti : 1582.000 Mhz   (Ordinal 0)
28 SMs enabled. Compute Capability sm_61
FreeMem:  11021MB   TotalMem:  11178MB   64-bit pointers.
Mem Clock: 5505.000 Mhz x 352 bits   (484.4 GB/s)
ECC Disabled


Keys:       16 bytes each
Values:     256 bytes each (256 bytes after compression)
Entries:    10000000
RawSize:    2594.0 MB (estimated)
FileSize:   2594.0 MB (estimated)
------------------------------------------------
max-key:62350 max-gdi:15687 blk:3615 M:2048 MaxOutFile:15728640
max-key:62350 max-gdi:15687 blk:3615 M:2048 MaxOutFile:15728640
max-key:62350 max-gdi:15687 blk:3615 M:2048 MaxOutFile:15728640
max-key:62350 max-gdi:15687 blk:3615 M:2048 MaxOutFile:15728640
 cur:758784 49
 cur:758784 49
 cur:758784 49
 cur:758784 49
 cur:758784 49
 cur:758784 49
 cur:758784 49
 cur:758784 49
 cur:758784 49
 cur:758784 49
 cur:758784 49
 cur:758784 49
 cur:758784 49
 cur:758784 49
 cur:758784 49
 cur:758784 49
 cur:758784 49
 cur:758784 49
 cur:758784 49
 cur:758784 49
 cur:758784 49
 cur:758784 49
 cur:758784 49
 cur:758784 49
 cur:758784 49
 cur:758784 49
 cur:758784 49
 cur:758784 49
 cur:758784 49
 cur:758784 49
 cur:758784 49
 cur:758784 49
 cur:374016 49
 cur:374016 49
 cur:374016 49
 cur:374016 49
 cur:374016 49
 cur:374016 49
 cur:374016 49
 cur:374016 49
 cur:374016 49
 cur:374016 49
 cur:374016 49
 cur:374016 49
 cur:374016 49
 cur:374016 49
 cur:374016 49
 cur:374016 49
 cur:374016 49
 cur:374016 49
 cur:374016 49
 cur:374016 49
 cur:374016 49
 cur:374016 49
 cur:374016 49
 cur:374016 49
 cur:374016 49
 cur:374016 49
 cur:374016 49
 cur:374016 49
 cur:374016 49
 cur:374016 49
 cur:374016 49
 cur:374016 49
 cur:770048 49
 cur:770048 49
 cur:770048 49
 cur:770048 49
 cur:770048 49
 cur:770048 49
 cur:770048 49
 cur:770048 49
 cur:770048 49
 cur:770048 49
 cur:770048 49
 cur:770048 49
 cur:770048 49
 cur:770048 49
 cur:770048 49
 cur:770048 49
 cur:770048 49
 cur:770048 49
 cur:770048 49
 cur:770048 49
 cur:770048 49
 cur:770048 49
 cur:770048 49
 cur:770048 49
 cur:770048 49
 cur:770048 49
 cur:770048 49
 cur:770048 49
 cur:770048 49
 cur:770048 49
 cur:770048 49
 cur:770048 49
 cur:14592 49
 cur:14592 49
 cur:14592 49
 cur:14592 49
 cur:14592 49
 cur:14592 49
 cur:14592 49
 cur:14592 49
 cur:14592 49
 cur:14592 49
 cur:14592 49
 cur:14592 49
 cur:14592 49
 cur:14592 49
 cur:14592 49
 cur:14592 49
 cur:14592 49
 cur:14592 49
 cur:14592 49
 cur:14592 49
 cur:14592 49
 cur:14592 49
 cur:14592 49
 cur:14592 49
 cur:14592 49
 cur:14592 49
 cur:14592 49
 cur:14592 49
 cur:14592 49
 cur:14592 49
 cur:14592 49
 cur:14592 49
 cur:536832 49
 cur:536832 49
 cur:536832 49
 cur:536832 49
 cur:536832 49
 cur:536832 49
 cur:536832 49
 cur:536832 49
 cur:536832 49
 cur:536832 49
 cur:536832 49
 cur:536832 49
 cur:536832 49
 cur:536832 49
 cur:536832 49
 cur:536832 49
 cur:536832 49
 cur:536832 49
 cur:536832 49
 cur:536832 49
 cur:536832 49
 cur:536832 49
 cur:536832 49
 cur:536832 49
 cur:536832 49
 cur:536832 49
 cur:536832 49
 cur:536832 49
 cur:536832 49
 cur:536832 49
 cur:536832 49
 cur:536832 49
 cur:873472 49
 cur:873472 49
 cur:873472 49
 cur:873472 49
 cur:873472 49
 cur:873472 49
 cur:873472 49
 cur:873472 49
 cur:873472 49
 cur:873472 49
 cur:873472 49
 cur:873472 49
 cur:873472 49
 cur:873472 49
 cur:873472 49
 cur:873472 49
 cur:873472 49
 cur:873472 49
 cur:873472 49
 cur:873472 49
 cur:873472 49
 cur:873472 49
 cur:873472 49
 cur:873472 49
 cur:873472 49
 cur:873472 49
 cur:873472 49
 cur:873472 49
 cur:873472 49
 cur:873472 49
 cur:873472 49
 cur:873472 49
 cur:314368 49
 cur:314368 49
 cur:314368 49
 cur:314368 49
 cur:314368 49
 cur:314368 49
 cur:314368 49
 cur:314368 49
 cur:314368 49
 cur:314368 49
 cur:314368 49
 cur:314368 49
 cur:314368 49
 cur:314368 49
 cur:314368 49
 cur:314368 49
 cur:314368 49
 cur:314368 49
 cur:314368 49
 cur:314368 49
 cur:314368 49
 cur:314368 49
 cur:314368 49
 cur:314368 49
 cur:314368 49
 cur:314368 49
 cur:314368 49
 cur:314368 49
 cur:314368 49
 cur:314368 49
 cur:314368 49
 cur:314368 49
 cur:765952 49
 cur:765952 49
 cur:765952 49
 cur:765952 49
 cur:765952 49
 cur:765952 49
 cur:765952 49
 cur:765952 49
 cur:765952 49
 cur:765952 49
 cur:765952 49
 cur:765952 49
 cur:765952 49
 cur:765952 49
 cur:765952 49
 cur:765952 49
 cur:765952 49
 cur:765952 49
 cur:765952 49
 cur:765952 49
 cur:765952 49
 cur:765952 49
 cur:765952 49
 cur:765952 49
 cur:765952 49
 cur:765952 49
 cur:765952 49
 cur:765952 49
 cur:765952 49
 cur:765952 49
 cur:765952 49
 cur:765952 49
 cur:299264 49
 cur:299264 49
 cur:299264 49
 cur:299264 49
 cur:299264 49
 cur:299264 49
 cur:299264 49
 cur:299264 49
 cur:299264 49
 cur:299264 49
 cur:299264 49
 cur:299264 49
 cur:299264 49
 cur:299264 49
 cur:299264 49
 cur:299264 49
 cur:299264 49
 cur:299264 49
 cur:299264 49
 cur:299264 49
 cur:299264 49
 cur:299264 49
 cur:299264 49
 cur:299264 49
 cur:299264 49
 cur:299264 49
 cur:299264 49
 cur:299264 49
 cur:299264 49
 cur:299264 49
 cur:299264 49
 cur:299264 49
 cur:555008 49
 cur:555008 49
 cur:555008 49
 cur:555008 49
 cur:555008 49
 cur:555008 49
 cur:555008 49
 cur:555008 49
 cur:555008 49
 cur:555008 49
 cur:555008 49
 cur:555008 49
 cur:555008 49
 cur:555008 49
 cur:555008 49
 cur:555008 49
 cur:555008 49
 cur:555008 49
 cur:555008 49
 cur:555008 49
 cur:555008 49
 cur:555008 49
 cur:555008 49
 cur:555008 49
 cur:555008 49
 cur:555008 49
 cur:555008 49
 cur:555008 49
 cur:555008 49
 cur:555008 49
 cur:555008 49
 cur:555008 49
 cur:362496 49
 cur:362496 49
 cur:362496 49
 cur:362496 49
 cur:362496 49
 cur:362496 49
 cur:362496 49
 cur:362496 49
 cur:362496 49
 cur:362496 49
 cur:362496 49
 cur:362496 49
 cur:362496 49
 cur:362496 49
 cur:362496 49
 cur:362496 49
 cur:362496 49
 cur:362496 49
 cur:362496 49
 cur:362496 49
 cur:362496 49
 cur:362496 49
 cur:362496 49
 cur:362496 49
 cur:362496 49
 cur:362496 49
 cur:362496 49
 cur:362496 49
 cur:362496 49
 cur:362496 49
 cur:362496 49
 cur:362496 49
 cur:333056 49
 cur:333056 49
 cur:333056 49
 cur:333056 49
 cur:333056 49
 cur:333056 49
 cur:333056 49
 cur:333056 49
 cur:333056 49
 cur:333056 49
 cur:333056 49
 cur:333056 49
 cur:333056 49
 cur:333056 49
 cur:333056 49
 cur:333056 49
 cur:333056 49
 cur:333056 49
 cur:333056 49
 cur:333056 49
 cur:333056 49
 cur:333056 49
 cur:333056 49
 cur:333056 49
 cur:333056 49
 cur:333056 49
 cur:333056 49
 cur:333056 49
 cur:333056 49
 cur:333056 49
 cur:333056 49
 cur:333056 49
 cur:340224 49
 cur:340224 49
 cur:340224 49
 cur:340224 49
 cur:340224 49
 cur:340224 49
 cur:340224 49
 cur:340224 49
 cur:340224 49
 cur:340224 49
 cur:340224 49
 cur:340224 49
 cur:340224 49
 cur:340224 49
 cur:340224 49
 cur:340224 49
 cur:340224 49
 cur:340224 49
 cur:340224 49
 cur:340224 49
 cur:340224 49
 cur:340224 49
 cur:340224 49
 cur:340224 49
 cur:340224 49
 cur:340224 49
 cur:340224 49
 cur:340224 49
 cur:340224 49
 cur:340224 49
 cur:340224 49
 cur:340224 49
 cur:814080 49
 cur:814080 49
 cur:814080 49
 cur:814080 49
 cur:814080 49
 cur:814080 49
 cur:814080 49
 cur:814080 49
 cur:814080 49
 cur:814080 49
 cur:814080 49
 cur:814080 49
 cur:814080 49
 cur:814080 49
 cur:814080 49
 cur:814080 49
 cur:814080 49
 cur:814080 49
 cur:814080 49
 cur:814080 49
 cur:814080 49
 cur:814080 49
 cur:814080 49
 cur:814080 49
 cur:814080 49
 cur:814080 49
 cur:814080 49
 cur:814080 49
 cur:814080 49
 cur:814080 49
 cur:814080 49
 cur:814080 49
 cur:818432 49
 cur:818432 49
 cur:818432 49
 cur:818432 49
 cur:818432 49
 cur:818432 49
 cur:818432 49
 cur:818432 49
 cur:818432 49
 cur:818432 49
 cur:818432 49
 cur:818432 49
 cur:818432 49
 cur:818432 49
 cur:818432 49
 cur:818432 49
 cur:818432 49
 cur:818432 49
 cur:818432 49
 cur:818432 49
 cur:818432 49
 cur:818432 49
 cur:818432 49
 cur:818432 49
 cur:818432 49
 cur:818432 49
 cur:818432 49
 cur:818432 49
 cur:818432 49
 cur:818432 49
 cur:818432 49
 cur:818432 49
 cur:421888 49
 cur:421888 49
 cur:421888 49
 cur:421888 49
 cur:421888 49
 cur:421888 49
 cur:421888 49
 cur:421888 49
 cur:421888 49
 cur:421888 49
 cur:421888 49
 cur:421888 49
 cur:421888 49
 cur:421888 49
 cur:421888 49
 cur:421888 49
 cur:421888 49
 cur:421888 49
 cur:421888 49
 cur:421888 49
 cur:421888 49
 cur:421888 49
 cur:421888 49
 cur:421888 49
 cur:421888 49
 cur:421888 49
 cur:421888 49
 cur:421888 49
 cur:421888 49
 cur:421888 49
 cur:421888 49
 cur:421888 49
 cur:866304 49
 cur:866304 49
 cur:866304 49
 cur:866304 49
 cur:866304 49
 cur:866304 49
 cur:866304 49
 cur:866304 49
 cur:866304 49
 cur:866304 49
 cur:866304 49
 cur:866304 49
 cur:866304 49
 cur:866304 49
 cur:866304 49
 cur:866304 49
 cur:866304 49
 cur:866304 49
 cur:866304 49
 cur:866304 49
 cur:866304 49
 cur:866304 49
 cur:866304 49
 cur:866304 49
 cur:866304 49
 cur:866304 49
 cur:866304 49
 cur:866304 49
 cur:866304 49
 cur:866304 49
 cur:866304 49
 cur:866304 49
 cur:399616 49
 cur:399616 49
 cur:399616 49
 cur:399616 49
 cur:399616 49
 cur:399616 49
 cur:399616 49
 cur:399616 49
 cur:399616 49
 cur:399616 49
 cur:399616 49
 cur:399616 49
 cur:399616 49
 cur:399616 49
 cur:399616 49
 cur:399616 49
 cur:399616 49
 cur:399616 49
 cur:399616 49
 cur:399616 49
 cur:399616 49
 cur:399616 49
 cur:399616 49
 cur:399616 49
 cur:399616 49
 cur:399616 49
 cur:399616 49
 cur:399616 49
 cur:399616 49
 cur:399616 49
 cur:399616 49
 cur:399616 49
 cur:736512 49
 cur:736512 49
 cur:736512 49
 cur:736512 49
 cur:736512 49
 cur:736512 49
 cur:736512 49
 cur:736512 49
 cur:736512 49
 cur:736512 49
 cur:736512 49
 cur:736512 49
 cur:736512 49
 cur:736512 49
 cur:736512 49
 cur:736512 49
 cur:736512 49
 cur:736512 49
 cur:736512 49
 cur:736512 49
 cur:736512 49
 cur:736512 49
 cur:736512 49
 cur:736512 49
 cur:736512 49
 cur:736512 49
 cur:736512 49
 cur:736512 49
 cur:736512 49
 cur:736512 49
 cur:736512 49
 cur:736512 49
 cur:803072 49
 cur:803072 49
 cur:803072 49
 cur:803072 49
 cur:803072 49
 cur:803072 49
 cur:803072 49
 cur:803072 49
 cur:803072 49
 cur:803072 49
 cur:803072 49
 cur:803072 49
 cur:803072 49
 cur:803072 49
 cur:803072 49
 cur:803072 49
 cur:803072 49
 cur:803072 49
 cur:803072 49
 cur:803072 49
 cur:803072 49
 cur:803072 49
 cur:803072 49
 cur:803072 49
 cur:803072 49
 cur:803072 49
 cur:803072 49
 cur:803072 49
 cur:803072 49
 cur:803072 49
 cur:803072 49
 cur:803072 49
 cur:351488 49
 cur:351488 49
 cur:351488 49
 cur:351488 49
 cur:351488 49
 cur:351488 49
 cur:351488 49
 cur:351488 49
 cur:351488 49
 cur:351488 49
 cur:351488 49
 cur:351488 49
 cur:351488 49
 cur:351488 49
 cur:351488 49
 cur:351488 49
 cur:351488 49
 cur:351488 49
 cur:351488 49
 cur:351488 49
 cur:351488 49
 cur:351488 49
 cur:351488 49
 cur:351488 49
 cur:351488 49
 cur:351488 49
 cur:351488 49
 cur:351488 49
 cur:351488 49
 cur:351488 49
 cur:351488 49
 cur:351488 49
 cur:844032 49
 cur:844032 49
 cur:844032 49
 cur:844032 49
 cur:844032 49
 cur:844032 49
 cur:844032 49
 cur:844032 49
 cur:844032 49
 cur:844032 49
 cur:844032 49
 cur:844032 49
 cur:844032 49
 cur:844032 49
 cur:844032 49
 cur:844032 49
 cur:844032 49
 cur:844032 49
 cur:844032 49
 cur:844032 49
 cur:844032 49
 cur:844032 49
 cur:844032 49
 cur:844032 49
 cur:844032 49
 cur:844032 49
 cur:844032 49
 cur:844032 49
 cur:844032 49
 cur:844032 49
 cur:844032 49
 cur:844032 49
 cur:888832 49
 cur:888832 49
 cur:888832 49
 cur:888832 49
 cur:888832 49
 cur:888832 49
 cur:888832 49
 cur:888832 49
 cur:888832 49
 cur:888832 49
 cur:888832 49
 cur:888832 49
 cur:888832 49
 cur:888832 49
 cur:888832 49
 cur:888832 49
 cur:888832 49
 cur:888832 49
 cur:888832 49
 cur:888832 49
 cur:888832 49
 cur:888832 49
 cur:888832 49
 cur:888832 49
 cur:888832 49
 cur:888832 49
 cur:888832 49
 cur:888832 49
 cur:888832 49
 cur:888832 49
 cur:888832 49
 cur:888832 49
 cur:7424 49
 cur:7424 49
 cur:7424 49
 cur:7424 49
 cur:7424 49
 cur:7424 49
 cur:7424 49
 cur:7424 49
 cur:7424 49
 cur:7424 49
 cur:7424 49
 cur:7424 49
 cur:7424 49
 cur:7424 49
 cur:7424 49
 cur:7424 49
 cur:7424 49
 cur:7424 49
 cur:7424 49
 cur:7424 49
 cur:7424 49
 cur:7424 49
 cur:7424 49
 cur:7424 49
 cur:7424 49
 cur:7424 49
 cur:7424 49
 cur:7424 49
 cur:7424 49
 cur:7424 49
 cur:7424 49
 cur:7424 49
 cur:470016 49
 cur:470016 49
 cur:470016 49
 cur:470016 49
 cur:470016 49
 cur:470016 49
 cur:470016 49
 cur:470016 49
 cur:470016 49
 cur:470016 49
 cur:470016 49
 cur:470016 49
 cur:470016 49
 cur:470016 49
 cur:470016 49
 cur:470016 49
 cur:470016 49
 cur:470016 49
 cur:470016 49
 cur:470016 49
 cur:470016 49
 cur:470016 49
 cur:470016 49
 cur:470016 49
 cur:470016 49
 cur:470016 49
 cur:470016 49
 cur:470016 49
 cur:470016 49
 cur:470016 49
 cur:470016 49
 cur:470016 49
 cur:0 49
 cur:0 49
 cur:0 49
 cur:0 49
 cur:0 49
 cur:0 49
 cur:0 49
 cur:0 49
 cur:0 49
 cur:0 49
 cur:0 49
 cur:0 49
 cur:0 49
 cur:0 49
 cur:0 49
 cur:0 49
 cur:0 49
 cur:0 49
 cur:0 49
 cur:0 49
 cur:0 49
 cur:0 49
 cur:0 49
 cur:0 49
 cur:0 49
 cur:0 49
 cur:0 49
 cur:0 49
 cur:0 49
 cur:0 49
 cur:0 49
 cur:0 49
 cur:707072 49
 cur:707072 49
 cur:707072 49
 cur:707072 49
 cur:707072 49
 cur:707072 49
 cur:707072 49
 cur:707072 49
 cur:707072 49
 cur:707072 49
 cur:707072 49
 cur:707072 49
 cur:707072 49
 cur:707072 49
 cur:707072 49
 cur:707072 49
 cur:707072 49
 cur:707072 49
 cur:707072 49
 cur:707072 49
 cur:707072 49
 cur:707072 49
 cur:707072 49
 cur:707072 49
 cur:707072 49
 cur:707072 49
 cur:707072 49
 cur:707072 49
 cur:707072 49
 cur:707072 49
 cur:707072 49
 cur:707072 49
 cur:714240 49
 cur:714240 49
 cur:714240 49
 cur:714240 49
 cur:714240 49
 cur:714240 49
 cur:714240 49
 cur:714240 49
 cur:714240 49
 cur:714240 49
 cur:714240 49
 cur:714240 49
 cur:714240 49
 cur:714240 49
 cur:714240 49
 cur:714240 49
 cur:714240 49
 cur:714240 49
 cur:714240 49
 cur:714240 49
 cur:714240 49
 cur:714240 49
 cur:714240 49
 cur:714240 49
 cur:714240 49
 cur:714240 49
 cur:714240 49
 cur:714240 49
 cur:714240 49
 cur:714240 49
 cur:714240 49
 cur:714240 49
 cur:899584 49
 cur:899584 49
 cur:899584 49
 cur:899584 49
 cur:899584 49
 cur:899584 49
 cur:899584 49
 cur:899584 49
 cur:899584 49
 cur:899584 49
 cur:899584 49
 cur:899584 49
 cur:899584 49
 cur:899584 49
 cur:899584 49
 cur:899584 49
 cur:899584 49
 cur:899584 49
 cur:899584 49
 cur:899584 49
 cur:899584 49
 cur:899584 49
 cur:899584 49
 cur:899584 49
 cur:899584 49
 cur:899584 49
 cur:899584 49
 cur:899584 49
 cur:899584 49
 cur:899584 49
 cur:899584 49
 cur:899584 49
 cur:51712 49
 cur:51712 49
 cur:51712 49
 cur:51712 49
 cur:51712 49
 cur:51712 49
 cur:51712 49
 cur:51712 49
 cur:51712 49
 cur:51712 49
 cur:51712 49
 cur:51712 49
 cur:51712 49
 cur:51712 49
 cur:51712 49
 cur:51712 49
 cur:51712 49
 cur:51712 49
 cur:51712 49
 cur:51712 49
 cur:51712 49
 cur:51712 49
 cur:51712 49
 cur:51712 49
 cur:51712 49
 cur:51712 49
 cur:51712 49
 cur:51712 49
 cur:51712 49
 cur:51712 49
 cur:51712 49
 cur:51712 49
 cur:514560 49
 cur:514560 49
 cur:514560 49
 cur:514560 49
 cur:514560 49
 cur:514560 49
 cur:514560 49
 cur:514560 49
 cur:514560 49
 cur:514560 49
 cur:514560 49
 cur:514560 49
 cur:514560 49
 cur:514560 49
 cur:514560 49
 cur:514560 49
 cur:514560 49
 cur:514560 49
 cur:514560 49
 cur:514560 49
 cur:514560 49
 cur:514560 49
 cur:514560 49
 cur:514560 49
 cur:514560 49
 cur:514560 49
 cur:514560 49
 cur:514560 49
 cur:514560 49
 cur:514560 49
 cur:514560 49
 cur:514560 49
 cur:77568 49
 cur:77568 49
 cur:77568 49
 cur:77568 49
 cur:77568 49
 cur:77568 49
 cur:77568 49
 cur:77568 49
 cur:77568 49
 cur:77568 49
 cur:77568 49
 cur:77568 49
 cur:77568 49
 cur:77568 49
 cur:77568 49
 cur:77568 49
 cur:77568 49
 cur:77568 49
 cur:77568 49
 cur:77568 49
 cur:77568 49
 cur:77568 49
 cur:77568 49
 cur:77568 49
 cur:77568 49
 cur:77568 49
 cur:77568 49
 cur:77568 49
 cur:77568 49
 cur:77568 49
 cur:77568 49
 cur:77568 49
 cur:788224 49
 cur:788224 49
 cur:788224 49
 cur:788224 49
 cur:788224 49
 cur:788224 49
 cur:788224 49
 cur:788224 49
 cur:788224 49
 cur:788224 49
 cur:788224 49
 cur:788224 49
 cur:788224 49
 cur:788224 49
 cur:788224 49
 cur:788224 49
 cur:788224 49
 cur:788224 49
 cur:788224 49
 cur:788224 49
 cur:788224 49
 cur:788224 49
 cur:788224 49
 cur:788224 49
 cur:788224 49
 cur:788224 49
 cur:788224 49
 cur:788224 49
 cur:788224 49
 cur:788224 49
 cur:788224 49
 cur:788224 49
 cur:748032 49
 cur:748032 49
 cur:748032 49
 cur:748032 49
 cur:748032 49
 cur:748032 49
 cur:748032 49
 cur:748032 49
 cur:748032 49
 cur:748032 49
 cur:748032 49
 cur:748032 49
 cur:748032 49
 cur:748032 49
 cur:748032 49
 cur:748032 49
 cur:748032 49
 cur:748032 49
 cur:748032 49
 cur:748032 49
 cur:748032 49
 cur:748032 49
 cur:748032 49
 cur:748032 49
 cur:748032 49
 cur:748032 49
 cur:748032 49
 cur:748032 49
 cur:748032 49
 cur:748032 49
 cur:748032 49
 cur:748032 49
 cur:829184 49
 cur:829184 49
 cur:829184 49
 cur:829184 49
 cur:829184 49
 cur:829184 49
 cur:829184 49
 cur:829184 49
 cur:829184 49
 cur:829184 49
 cur:829184 49
 cur:829184 49
 cur:829184 49
 cur:829184 49
 cur:829184 49
 cur:829184 49
 cur:829184 49
 cur:829184 49
 cur:829184 49
 cur:829184 49
 cur:829184 49
 cur:829184 49
 cur:829184 49
 cur:829184 49
 cur:829184 49
 cur:829184 49
 cur:829184 49
 cur:829184 49
 cur:829184 49
 cur:829184 49
 cur:829184 49
 cur:829184 49
 cur:84736 49
 cur:84736 49
 cur:84736 49
 cur:84736 49
 cur:84736 49
 cur:84736 49
 cur:84736 49
 cur:84736 49
 cur:84736 49
 cur:84736 49
 cur:84736 49
 cur:84736 49
 cur:84736 49
 cur:84736 49
 cur:84736 49
 cur:84736 49
 cur:84736 49
 cur:84736 49
 cur:84736 49
 cur:84736 49
 cur:84736 49
 cur:84736 49
 cur:84736 49
 cur:84736 49
 cur:84736 49
 cur:84736 49
 cur:84736 49
 cur:84736 49
 cur:84736 49
 cur:84736 49
 cur:84736 49
 cur:84736 49
 cur:158720 49
 cur:158720 49
 cur:158720 49
 cur:158720 49
 cur:158720 49
 cur:158720 49
 cur:158720 49
 cur:158720 49
 cur:158720 49
 cur:158720 49
 cur:158720 49
 cur:158720 49
 cur:158720 49
 cur:158720 49
 cur:158720 49
 cur:158720 49
 cur:158720 49
 cur:158720 49
 cur:158720 49
 cur:158720 49
 cur:158720 49
 cur:158720 49
 cur:158720 49
 cur:158720 49
 cur:158720 49
 cur:158720 49
 cur:158720 49
 cur:158720 49
 cur:158720 49
 cur:158720 49
 cur:158720 49
 cur:158720 49
 cur:262912 49
 cur:262912 49
 cur:262912 49
 cur:262912 49
 cur:262912 49
 cur:262912 49
 cur:262912 49
 cur:262912 49
 cur:262912 49
 cur:262912 49
 cur:262912 49
 cur:262912 49
 cur:262912 49
 cur:262912 49
 cur:262912 49
 cur:262912 49
 cur:262912 49
 cur:262912 49
 cur:262912 49
 cur:262912 49
 cur:262912 49
 cur:262912 49
 cur:262912 49
 cur:262912 49
 cur:262912 49
 cur:262912 49
 cur:262912 49
 cur:262912 49
 cur:262912 49
 cur:262912 49
 cur:262912 49
 cur:262912 49
 cur:925440 49
 cur:925440 49
 cur:925440 49
 cur:925440 49
 cur:925440 49
 cur:925440 49
 cur:925440 49
 cur:925440 49
 cur:925440 49
 cur:925440 49
 cur:925440 49
 cur:925440 49
 cur:925440 49
 cur:925440 49
 cur:925440 49
 cur:925440 49
 cur:925440 49
 cur:925440 49
 cur:925440 49
 cur:925440 49
 cur:925440 49
 cur:925440 49
 cur:925440 49
 cur:925440 49
 cur:925440 49
 cur:925440 49
 cur:925440 49
 cur:925440 49
 cur:925440 49
 cur:925440 49
 cur:925440 49
 cur:925440 49
 cur:440064 49
 cur:440064 49
 cur:440064 49
 cur:440064 49
 cur:440064 49
 cur:440064 49
 cur:440064 49
 cur:440064 49
 cur:440064 49
 cur:440064 49
 cur:440064 49
 cur:440064 49
 cur:440064 49
 cur:440064 49
 cur:440064 49
 cur:440064 49
 cur:440064 49
 cur:440064 49
 cur:440064 49
 cur:440064 49
 cur:440064 49
 cur:440064 49
 cur:440064 49
 cur:440064 49
 cur:440064 49
 cur:440064 49
 cur:440064 49
 cur:440064 49
 cur:440064 49
 cur:440064 49
 cur:440064 49
 cur:440064 49
 cur:303616 49
 cur:303616 49
 cur:303616 49
 cur:303616 49
 cur:303616 49
 cur:303616 49
 cur:303616 49
 cur:303616 49
 cur:303616 49
 cur:303616 49
 cur:303616 49
 cur:303616 49
 cur:303616 49
 cur:303616 49
 cur:303616 49
 cur:303616 49
 cur:303616 49
 cur:303616 49
 cur:303616 49
 cur:303616 49
 cur:303616 49
 cur:303616 49
 cur:303616 49
 cur:303616 49
 cur:303616 49
 cur:303616 49
 cur:303616 49
 cur:303616 49
 cur:303616 49
 cur:303616 49
 cur:303616 49
 cur:303616 49
 cur:751360 49
 cur:751360 49
 cur:751360 49
 cur:751360 49
 cur:751360 49
 cur:751360 49
 cur:751360 49
 cur:751360 49
 cur:751360 49
 cur:751360 49
 cur:751360 49
 cur:751360 49
 cur:751360 49
 cur:751360 49
 cur:751360 49
 cur:751360 49
 cur:751360 49
 cur:751360 49
 cur:751360 49
 cur:751360 49
 cur:751360 49
 cur:751360 49
 cur:751360 49
 cur:751360 49
 cur:751360 49
 cur:751360 49
 cur:751360 49
 cur:751360 49
 cur:751360 49
 cur:751360 49
 cur:751360 49
 cur:751360 49
 cur:432896 49
 cur:432896 49
 cur:432896 49
 cur:432896 49
 cur:432896 49
 cur:432896 49
 cur:432896 49
 cur:432896 49
 cur:432896 49
 cur:432896 49
 cur:432896 49
 cur:432896 49
 cur:432896 49
 cur:432896 49
 cur:432896 49
 cur:432896 49
 cur:432896 49
 cur:432896 49
 cur:432896 49
 cur:432896 49
 cur:432896 49
 cur:432896 49
 cur:432896 49
 cur:432896 49
 cur:432896 49
 cur:432896 49
 cur:432896 49
 cur:432896 49
 cur:432896 49
 cur:432896 49
 cur:432896 49
 cur:432896 49
 cur:247552 49
 cur:247552 49
 cur:247552 49
 cur:247552 49
 cur:247552 49
 cur:247552 49
 cur:247552 49
 cur:247552 49
 cur:247552 49
 cur:247552 49
 cur:247552 49
 cur:247552 49
 cur:247552 49
 cur:247552 49
 cur:247552 49
 cur:247552 49
 cur:247552 49
 cur:247552 49
 cur:247552 49
 cur:247552 49
 cur:247552 49
 cur:247552 49
 cur:247552 49
 cur:247552 49
 cur:247552 49
 cur:247552 49
 cur:247552 49
 cur:247552 49
 cur:247552 49
 cur:247552 49
 cur:247552 49
 cur:247552 49
 cur:414208 49
 cur:414208 49
 cur:414208 49
 cur:414208 49
 cur:414208 49
 cur:414208 49
 cur:414208 49
 cur:414208 49
 cur:414208 49
 cur:414208 49
 cur:414208 49
 cur:414208 49
 cur:414208 49
 cur:414208 49
 cur:414208 49
 cur:414208 49
 cur:414208 49
 cur:414208 49
 cur:414208 49
 cur:414208 49
 cur:414208 49
 cur:414208 49
 cur:414208 49
 cur:414208 49
 cur:414208 49
 cur:414208 49
 cur:414208 49
 cur:414208 49
 cur:414208 49
 cur:414208 49
 cur:414208 49
 cur:414208 49
 cur:377344 49
 cur:377344 49
 cur:377344 49
 cur:377344 49
 cur:377344 49
 cur:377344 49
 cur:377344 49
 cur:377344 49
 cur:377344 49
 cur:377344 49
 cur:377344 49
 cur:377344 49
 cur:377344 49
 cur:377344 49
 cur:377344 49
 cur:377344 49
 cur:377344 49
 cur:377344 49
 cur:377344 49
 cur:377344 49
 cur:377344 49
 cur:377344 49
 cur:377344 49
 cur:377344 49
 cur:377344 49
 cur:377344 49
 cur:377344 49
 cur:377344 49
 cur:377344 49
 cur:377344 49
 cur:377344 49
 cur:377344 49
 cur:918528 49
 cur:918528 49
 cur:918528 49
 cur:918528 49
 cur:918528 49
 cur:918528 49
 cur:918528 49
 cur:918528 49
 cur:918528 49
 cur:918528 49
 cur:918528 49
 cur:918528 49
 cur:918528 49
 cur:918528 49
 cur:918528 49
 cur:918528 49
 cur:918528 49
 cur:918528 49
 cur:918528 49
 cur:918528 49
 cur:918528 49
 cur:918528 49
 cur:918528 49
 cur:918528 49
 cur:918528 49
 cur:918528 49
 cur:918528 49
 cur:918528 49
 cur:918528 49
 cur:918528 49
 cur:918528 49
 cur:918528 49
 cur:240384 49
 cur:240384 49
 cur:240384 49
 cur:240384 49
 cur:240384 49
 cur:240384 49
 cur:240384 49
 cur:240384 49
 cur:240384 49
 cur:240384 49
 cur:240384 49
 cur:240384 49
 cur:240384 49
 cur:240384 49
 cur:240384 49
 cur:240384 49
 cur:240384 49
 cur:240384 49
 cur:240384 49
 cur:240384 49
 cur:240384 49
 cur:240384 49
 cur:240384 49
 cur:240384 49
 cur:240384 49
 cur:240384 49
 cur:240384 49
 cur:240384 49
 cur:240384 49
 cur:240384 49
 cur:240384 49
 cur:240384 49
 cur:858624 49
 cur:858624 49
 cur:858624 49
 cur:858624 49
 cur:858624 49
 cur:858624 49
 cur:858624 49
 cur:858624 49
 cur:858624 49
 cur:858624 49
 cur:858624 49
 cur:858624 49
 cur:858624 49
 cur:858624 49
 cur:858624 49
 cur:858624 49
 cur:858624 49
 cur:858624 49
 cur:858624 49
 cur:858624 49
 cur:858624 49
 cur:858624 49
 cur:858624 49
 cur:858624 49
 cur:858624 49
 cur:858624 49
 cur:858624 49
 cur:858624 49
 cur:858624 49
 cur:858624 49
 cur:858624 49
 cur:858624 49
 cur:462336 49
 cur:462336 49
 cur:462336 49
 cur:462336 49
 cur:462336 49
 cur:462336 49
 cur:462336 49
 cur:462336 49
 cur:462336 49
 cur:462336 49
 cur:462336 49
 cur:462336 49
 cur:462336 49
 cur:462336 49
 cur:462336 49
 cur:462336 49
 cur:462336 49
 cur:462336 49
 cur:462336 49
 cur:462336 49
 cur:462336 49
 cur:462336 49
 cur:462336 49
 cur:462336 49
 cur:462336 49
 cur:462336 49
 cur:462336 49
 cur:462336 49
 cur:462336 49
 cur:462336 49
 cur:462336 49
 cur:462336 49
 cur:466432 49
 cur:466432 49
 cur:466432 49
 cur:466432 49
 cur:466432 49
 cur:466432 49
 cur:466432 49
 cur:466432 49
 cur:466432 49
 cur:466432 49
 cur:466432 49
 cur:466432 49
 cur:466432 49
 cur:466432 49
 cur:466432 49
 cur:466432 49
 cur:466432 49
 cur:466432 49
 cur:466432 49
 cur:466432 49
 cur:466432 49
 cur:466432 49
 cur:466432 49
 cur:466432 49
 cur:466432 49
 cur:466432 49
 cur:466432 49
 cur:466432 49
 cur:466432 49
 cur:466432 49
 cur:466432 49
 cur:466432 49
 cur:588544 49
 cur:588544 49
 cur:588544 49
 cur:588544 49
 cur:588544 49
 cur:588544 49
 cur:588544 49
 cur:588544 49
 cur:588544 49
 cur:588544 49
 cur:588544 49
 cur:588544 49
 cur:588544 49
 cur:588544 49
 cur:588544 49
 cur:588544 49
 cur:588544 49
 cur:588544 49
 cur:588544 49
 cur:588544 49
 cur:588544 49
 cur:588544 49
 cur:588544 49
 cur:588544 49
 cur:588544 49
 cur:588544 49
 cur:588544 49
 cur:588544 49
 cur:588544 49
 cur:588544 49
 cur:588544 49
 cur:588544 49
 cur:44032 49
 cur:44032 49
 cur:44032 49
 cur:44032 49
 cur:44032 49
 cur:44032 49
 cur:44032 49
 cur:44032 49
 cur:44032 49
 cur:44032 49
 cur:44032 49
 cur:44032 49
 cur:44032 49
 cur:44032 49
 cur:44032 49
 cur:44032 49
 cur:44032 49
 cur:44032 49
 cur:44032 49
 cur:44032 49
 cur:44032 49
 cur:44032 49
 cur:44032 49
 cur:44032 49
 cur:44032 49
 cur:44032 49
 cur:44032 49
 cur:44032 49
 cur:44032 49
 cur:44032 49
 cur:44032 49
 cur:44032 49
 cur:836352 49
 cur:836352 49
 cur:836352 49
 cur:836352 49
 cur:836352 49
 cur:836352 49
 cur:836352 49
 cur:836352 49
 cur:836352 49
 cur:836352 49
 cur:836352 49
 cur:836352 49
 cur:836352 49
 cur:836352 49
 cur:836352 49
 cur:836352 49
 cur:836352 49
 cur:836352 49
 cur:836352 49
 cur:836352 49
 cur:836352 49
 cur:836352 49
 cur:836352 49
 cur:836352 49
 cur:836352 49
 cur:836352 49
 cur:836352 49
 cur:836352 49
 cur:836352 49
 cur:836352 49
 cur:836352 49
 cur:836352 49
 cur:773632 49
 cur:773632 49
 cur:773632 49
 cur:773632 49
 cur:773632 49
 cur:773632 49
 cur:773632 49
 cur:773632 49
 cur:773632 49
 cur:773632 49
 cur:773632 49
 cur:773632 49
 cur:773632 49
 cur:773632 49
 cur:773632 49
 cur:773632 49
 cur:773632 49
 cur:773632 49
 cur:773632 49
 cur:773632 49
 cur:773632 49
 cur:773632 49
 cur:773632 49
 cur:773632 49
 cur:773632 49
 cur:773632 49
 cur:773632 49
 cur:773632 49
 cur:773632 49
 cur:773632 49
 cur:773632 49
 cur:773632 49
 cur:840448 49
 cur:840448 49
 cur:840448 49
 cur:840448 49
 cur:840448 49
 cur:840448 49
 cur:840448 49
 cur:840448 49
 cur:840448 49
 cur:840448 49
 cur:840448 49
 cur:840448 49
 cur:840448 49
 cur:840448 49
 cur:840448 49
 cur:840448 49
 cur:840448 49
 cur:840448 49
 cur:840448 49
 cur:840448 49
 cur:840448 49
 cur:840448 49
 cur:840448 49
 cur:840448 49
 cur:840448 49
 cur:840448 49
 cur:840448 49
 cur:840448 49
 cur:840448 49
 cur:840448 49
 cur:840448 49
 cur:840448 49
 cur:48384 49
 cur:48384 49
 cur:48384 49
 cur:48384 49
 cur:48384 49
 cur:48384 49
 cur:48384 49
 cur:48384 49
 cur:48384 49
 cur:48384 49
 cur:48384 49
 cur:48384 49
 cur:48384 49
 cur:48384 49
 cur:48384 49
 cur:48384 49
 cur:48384 49
 cur:48384 49
 cur:48384 49
 cur:48384 49
 cur:48384 49
 cur:48384 49
 cur:48384 49
 cur:48384 49
 cur:48384 49
 cur:48384 49
 cur:48384 49
 cur:48384 49
 cur:48384 49
 cur:48384 49
 cur:48384 49
 cur:48384 49
 cur:396032 49
 cur:396032 49
 cur:396032 49
 cur:396032 49
 cur:396032 49
 cur:396032 49
 cur:396032 49
 cur:396032 49
 cur:396032 49
 cur:396032 49
 cur:396032 49
 cur:396032 49
 cur:396032 49
 cur:396032 49
 cur:396032 49
 cur:396032 49
 cur:396032 49
 cur:396032 49
 cur:396032 49
 cur:396032 49
 cur:396032 49
 cur:396032 49
 cur:396032 49
 cur:396032 49
 cur:396032 49
 cur:396032 49
 cur:396032 49
 cur:396032 49
 cur:396032 49
 cur:396032 49
 cur:396032 49
 cur:396032 49
 cur:306944 49
 cur:306944 49
 cur:306944 49
 cur:306944 49
 cur:306944 49
 cur:306944 49
 cur:306944 49
 cur:306944 49
 cur:306944 49
 cur:306944 49
 cur:306944 49
 cur:306944 49
 cur:306944 49
 cur:306944 49
 cur:306944 49
 cur:306944 49
 cur:306944 49
 cur:306944 49
 cur:306944 49
 cur:306944 49
 cur:306944 49
 cur:306944 49
 cur:306944 49
 cur:306944 49
 cur:306944 49
 cur:306944 49
 cur:306944 49
 cur:306944 49
 cur:306944 49
 cur:306944 49
 cur:306944 49
 cur:306944 49
 cur:188672 49
 cur:188672 49
 cur:188672 49
 cur:188672 49
 cur:188672 49
 cur:188672 49
 cur:188672 49
 cur:188672 49
 cur:188672 49
 cur:188672 49
 cur:188672 49
 cur:188672 49
 cur:188672 49
 cur:188672 49
 cur:188672 49
 cur:188672 49
 cur:188672 49
 cur:188672 49
 cur:188672 49
 cur:188672 49
 cur:188672 49
 cur:188672 49
 cur:188672 49
 cur:188672 49
 cur:188672 49
 cur:188672 49
 cur:188672 49
 cur:188672 49
 cur:188672 49
 cur:188672 49
 cur:188672 49
 cur:188672 49
 cur:218112 49
 cur:218112 49
 cur:218112 49
 cur:218112 49
 cur:218112 49
 cur:218112 49
 cur:218112 49
 cur:218112 49
 cur:218112 49
 cur:218112 49
 cur:218112 49
 cur:218112 49
 cur:218112 49
 cur:218112 49
 cur:218112 49
 cur:218112 49
 cur:218112 49
 cur:218112 49
 cur:218112 49
 cur:218112 49
 cur:218112 49
 cur:218112 49
 cur:218112 49
 cur:218112 49
 cur:218112 49
 cur:218112 49
 cur:218112 49
 cur:218112 49
 cur:218112 49
 cur:218112 49
 cur:218112 49
 cur:218112 49
 cur:40704 49
 cur:40704 49
 cur:40704 49
 cur:40704 49
 cur:40704 49
 cur:40704 49
 cur:40704 49
 cur:40704 49
 cur:40704 49
 cur:40704 49
 cur:40704 49
 cur:40704 49
 cur:40704 49
 cur:40704 49
 cur:40704 49
 cur:40704 49
 cur:40704 49
 cur:40704 49
 cur:40704 49
 cur:40704 49
 cur:40704 49
 cur:40704 49
 cur:40704 49
 cur:40704 49
 cur:40704 49
 cur:40704 49
 cur:40704 49
 cur:40704 49
 cur:40704 49
 cur:40704 49
 cur:40704 49
 cur:40704 49
 cur:595968 49
 cur:595968 49
 cur:595968 49
 cur:595968 49
 cur:595968 49
 cur:595968 49
 cur:595968 49
 cur:595968 49
 cur:595968 49
 cur:595968 49
 cur:595968 49
 cur:595968 49
 cur:595968 49
 cur:595968 49
 cur:595968 49
 cur:595968 49
 cur:595968 49
 cur:595968 49
 cur:595968 49
 cur:595968 49
 cur:595968 49
 cur:595968 49
 cur:595968 49
 cur:595968 49
 cur:595968 49
 cur:595968 49
 cur:595968 49
 cur:595968 49
 cur:595968 49
 cur:595968 49
 cur:595968 49
 cur:595968 49
 cur:195840 49
 cur:195840 49
 cur:195840 49
 cur:195840 49
 cur:195840 49
 cur:195840 49
 cur:195840 49
 cur:195840 49
 cur:195840 49
 cur:195840 49
 cur:195840 49
 cur:195840 49
 cur:195840 49
 cur:195840 49
 cur:195840 49
 cur:195840 49
 cur:195840 49
 cur:195840 49
 cur:195840 49
 cur:195840 49
 cur:195840 49
 cur:195840 49
 cur:195840 49
 cur:195840 49
 cur:195840 49
 cur:195840 49
 cur:195840 49
 cur:195840 49
 cur:195840 49
 cur:195840 49
 cur:195840 49
 cur:195840 49
 cur:210944 49
 cur:210944 49
 cur:210944 49
 cur:210944 49
 cur:210944 49
 cur:210944 49
 cur:210944 49
 cur:210944 49
 cur:210944 49
 cur:210944 49
 cur:210944 49
 cur:210944 49
 cur:210944 49
 cur:210944 49
 cur:210944 49
 cur:210944 49
 cur:210944 49
 cur:210944 49
 cur:210944 49
 cur:210944 49
 cur:210944 49
 cur:210944 49
 cur:210944 49
 cur:210944 49
 cur:210944 49
 cur:210944 49
 cur:210944 49
 cur:210944 49
 cur:210944 49
 cur:210944 49
 cur:210944 49
 cur:210944 49
 cur:473856 49
 cur:473856 49
 cur:473856 49
 cur:473856 49
 cur:473856 49
 cur:473856 49
 cur:473856 49
 cur:473856 49
 cur:473856 49
 cur:473856 49
 cur:473856 49
 cur:473856 49
 cur:473856 49
 cur:473856 49
 cur:473856 49
 cur:473856 49
 cur:473856 49
 cur:473856 49
 cur:473856 49
 cur:473856 49
 cur:473856 49
 cur:473856 49
 cur:473856 49
 cur:473856 49
 cur:473856 49
 cur:473856 49
 cur:473856 49
 cur:473856 49
 cur:473856 49
 cur:473856 49
 cur:473856 49
 cur:473856 49
 cur:151552 49
 cur:151552 49
 cur:151552 49
 cur:151552 49
 cur:151552 49
 cur:151552 49
 cur:151552 49
 cur:151552 49
 cur:151552 49
 cur:151552 49
 cur:151552 49
 cur:151552 49
 cur:151552 49
 cur:151552 49
 cur:151552 49
 cur:151552 49
 cur:151552 49
 cur:151552 49
 cur:151552 49
 cur:151552 49
 cur:151552 49
 cur:151552 49
 cur:151552 49
 cur:151552 49
 cur:151552 49
 cur:151552 49
 cur:151552 49
 cur:151552 49
 cur:151552 49
 cur:151552 49
 cur:151552 49
 cur:151552 49
 cur:447744 49
 cur:447744 49
 cur:447744 49
 cur:447744 49
 cur:447744 49
 cur:447744 49
 cur:447744 49
 cur:447744 49
 cur:447744 49
 cur:447744 49
 cur:447744 49
 cur:447744 49
 cur:447744 49
 cur:447744 49
 cur:447744 49
 cur:447744 49
 cur:447744 49
 cur:447744 49
 cur:447744 49
 cur:447744 49
 cur:447744 49
 cur:447744 49
 cur:447744 49
 cur:447744 49
 cur:447744 49
 cur:447744 49
 cur:447744 49
 cur:447744 49
 cur:447744 49
 cur:447744 49
 cur:447744 49
 cur:447744 49
 cur:25856 49
 cur:25856 49
 cur:25856 49
 cur:25856 49
 cur:25856 49
 cur:25856 49
 cur:25856 49
 cur:25856 49
 cur:25856 49
 cur:25856 49
 cur:25856 49
 cur:25856 49
 cur:25856 49
 cur:25856 49
 cur:25856 49
 cur:25856 49
 cur:25856 49
 cur:25856 49
 cur:25856 49
 cur:25856 49
 cur:25856 49
 cur:25856 49
 cur:25856 49
 cur:25856 49
 cur:25856 49
 cur:25856 49
 cur:25856 49
 cur:25856 49
 cur:25856 49
 cur:25856 49
 cur:25856 49
 cur:25856 49
 cur:180992 49
 cur:180992 49
 cur:180992 49
 cur:180992 49
 cur:180992 49
 cur:180992 49
 cur:180992 49
 cur:180992 49
 cur:180992 49
 cur:180992 49
 cur:180992 49
 cur:180992 49
 cur:180992 49
 cur:180992 49
 cur:180992 49
 cur:180992 49
 cur:180992 49
 cur:180992 49
 cur:180992 49
 cur:180992 49
 cur:180992 49
 cur:180992 49
 cur:180992 49
 cur:180992 49
 cur:180992 49
 cur:180992 49
 cur:180992 49
 cur:180992 49
 cur:180992 49
 cur:180992 49
 cur:180992 49
 cur:180992 49
 cur:580864 49
 cur:580864 49
 cur:580864 49
 cur:580864 49
 cur:580864 49
 cur:580864 49
 cur:580864 49
 cur:580864 49
 cur:580864 49
 cur:580864 49
 cur:580864 49
 cur:580864 49
 cur:580864 49
 cur:580864 49
 cur:580864 49
 cur:580864 49
 cur:580864 49
 cur:580864 49
 cur:580864 49
 cur:580864 49
 cur:580864 49
 cur:580864 49
 cur:580864 49
 cur:580864 49
 cur:580864 49
 cur:580864 49
 cur:580864 49
 cur:580864 49
 cur:580864 49
 cur:580864 49
 cur:580864 49
 cur:580864 49
 cur:584960 49
 cur:584960 49
 cur:584960 49
 cur:584960 49
 cur:584960 49
 cur:584960 49
 cur:584960 49
 cur:584960 49
 cur:584960 49
 cur:584960 49
 cur:584960 49
 cur:584960 49
 cur:584960 49
 cur:584960 49
 cur:584960 49
 cur:584960 49
 cur:584960 49
 cur:584960 49
 cur:584960 49
 cur:584960 49
 cur:584960 49
 cur:584960 49
 cur:584960 49
 cur:584960 49
 cur:584960 49
 cur:584960 49
 cur:584960 49
 cur:584960 49
 cur:584960 49
 cur:584960 49
 cur:584960 49
 cur:584960 49
 cur:573696 49
 cur:573696 49
 cur:573696 49
 cur:573696 49
 cur:573696 49
 cur:573696 49
 cur:573696 49
 cur:573696 49
 cur:573696 49
 cur:573696 49
 cur:573696 49
 cur:573696 49
 cur:573696 49
 cur:573696 49
 cur:573696 49
 cur:573696 49
 cur:573696 49
 cur:573696 49
 cur:573696 49
 cur:573696 49
 cur:573696 49
 cur:573696 49
 cur:573696 49
 cur:573696 49
 cur:573696 49
 cur:573696 49
 cur:573696 49
 cur:573696 49
 cur:573696 49
 cur:573696 49
 cur:573696 49
 cur:573696 49
 cur:107008 49
 cur:107008 49
 cur:107008 49
 cur:107008 49
 cur:107008 49
 cur:107008 49
 cur:107008 49
 cur:107008 49
 cur:107008 49
 cur:107008 49
 cur:107008 49
 cur:107008 49
 cur:107008 49
 cur:107008 49
 cur:107008 49
 cur:107008 49
 cur:107008 49
 cur:107008 49
 cur:107008 49
 cur:107008 49
 cur:107008 49
 cur:107008 49
 cur:107008 49
 cur:107008 49
 cur:107008 49
 cur:107008 49
 cur:107008 49
 cur:107008 49
 cur:107008 49
 cur:107008 49
 cur:107008 49
 cur:107008 49
 cur:636928 49
 cur:636928 49
 cur:636928 49
 cur:636928 49
 cur:636928 49
 cur:636928 49
 cur:636928 49
 cur:636928 49
 cur:636928 49
 cur:636928 49
 cur:636928 49
 cur:636928 49
 cur:636928 49
 cur:636928 49
 cur:636928 49
 cur:636928 49
 cur:636928 49
 cur:636928 49
 cur:636928 49
 cur:636928 49
 cur:636928 49
 cur:636928 49
 cur:636928 49
 cur:636928 49
 cur:636928 49
 cur:636928 49
 cur:636928 49
 cur:636928 49
 cur:636928 49
 cur:636928 49
 cur:636928 49
 cur:636928 49
 cur:203264 49
 cur:203264 49
 cur:203264 49
 cur:203264 49
 cur:203264 49
 cur:203264 49
 cur:203264 49
 cur:203264 49
 cur:203264 49
 cur:203264 49
 cur:203264 49
 cur:203264 49
 cur:203264 49
 cur:203264 49
 cur:203264 49
 cur:203264 49
 cur:203264 49
 cur:203264 49
 cur:203264 49
 cur:203264 49
 cur:203264 49
 cur:203264 49
 cur:203264 49
 cur:203264 49
 cur:203264 49
 cur:203264 49
 cur:203264 49
 cur:203264 49
 cur:203264 49
 cur:203264 49
 cur:203264 49
 cur:203264 49
 cur:100096 49
 cur:100096 49
 cur:100096 49
 cur:100096 49
 cur:100096 49
 cur:100096 49
 cur:100096 49
 cur:100096 49
 cur:100096 49
 cur:100096 49
 cur:100096 49
 cur:100096 49
 cur:100096 49
 cur:100096 49
 cur:100096 49
 cur:100096 49
 cur:100096 49
 cur:100096 49
 cur:100096 49
 cur:100096 49
 cur:100096 49
 cur:100096 49
 cur:100096 49
 cur:100096 49
 cur:100096 49
 cur:100096 49
 cur:100096 49
 cur:100096 49
 cur:100096 49
 cur:100096 49
 cur:100096 49
 cur:100096 49
 cur:233216 49
 cur:233216 49
 cur:233216 49
 cur:233216 49
 cur:233216 49
 cur:233216 49
 cur:233216 49
 cur:233216 49
 cur:233216 49
 cur:233216 49
 cur:233216 49
 cur:233216 49
 cur:233216 49
 cur:233216 49
 cur:233216 49
 cur:233216 49
 cur:233216 49
 cur:233216 49
 cur:233216 49
 cur:233216 49
 cur:233216 49
 cur:233216 49
 cur:233216 49
 cur:233216 49
 cur:233216 49
 cur:233216 49
 cur:233216 49
 cur:233216 49
 cur:233216 49
 cur:233216 49
 cur:233216 49
 cur:233216 49
 cur:625408 49
 cur:625408 49
 cur:625408 49
 cur:625408 49
 cur:625408 49
 cur:625408 49
 cur:625408 49
 cur:625408 49
 cur:625408 49
 cur:625408 49
 cur:625408 49
 cur:625408 49
 cur:625408 49
 cur:625408 49
 cur:625408 49
 cur:625408 49
 cur:625408 49
 cur:625408 49
 cur:625408 49
 cur:625408 49
 cur:625408 49
 cur:625408 49
 cur:625408 49
 cur:625408 49
 cur:625408 49
 cur:625408 49
 cur:625408 49
 cur:625408 49
 cur:625408 49
 cur:625408 49
 cur:625408 49
 cur:625408 49
