GeForce GTX 1080 Ti : 1582.000 Mhz   (Ordinal 0)
28 SMs enabled. Compute Capability sm_61
FreeMem:  11021MB   TotalMem:  11178MB   64-bit pointers.
Mem Clock: 5505.000 Mhz x 352 bits   (484.4 GB/s)
ECC Disabled


Keys:       16 bytes each
Values:     256 bytes each (256 bytes after compression)
Entries:    10000000
RawSize:    2594.0 MB (estimated)
FileSize:   2594.0 MB (estimated)
------------------------------------------------
max-key:62350 max-gdi:15687 blk:3615 M:2048 MaxOutFile:15728640
max-key:62350 max-gdi:15687 blk:3615 M:2048 MaxOutFile:15728640
fillrandom   :       6.781 micros/op;   38.3 MB/s
Microseconds per op:
Count: 10000000  Average: 6.7807  StdDev: 96.34
Min: 1.0000  Median: 2.7091  Max: 32727.0000
------------------------------------------------------
[       1,       2 ) 1200860  12.009%  12.009% ##
[       2,       3 ) 5357324  53.573%  65.582% ###########
[       3,       4 ) 2089628  20.896%  86.478% ####
[       4,       5 )  690421   6.904%  93.382% #
[       5,       6 )  278156   2.782%  96.164% #
[       6,       7 )  172154   1.722%  97.885% 
[       7,       8 )   77846   0.778%  98.664% 
[       8,       9 )   29833   0.298%  98.962% 
[       9,      10 )   15960   0.160%  99.122% 
[      10,      12 )   18101   0.181%  99.303% 
[      12,      14 )   15107   0.151%  99.454% 
[      14,      16 )    5467   0.055%  99.509% 
[      16,      18 )    3563   0.036%  99.544% 
[      18,      20 )    5230   0.052%  99.597% 
[      20,      25 )    2284   0.023%  99.619% 
[      25,      30 )     410   0.004%  99.623% 
[      30,      35 )     331   0.003%  99.627% 
[      35,      40 )     356   0.004%  99.630% 
[      40,      45 )     278   0.003%  99.633% 
[      45,      50 )     246   0.002%  99.636% 
[      50,      60 )     531   0.005%  99.641% 
[      60,      70 )     268   0.003%  99.644% 
[      70,      80 )      72   0.001%  99.644% 
[      80,      90 )      25   0.000%  99.645% 
[      90,     100 )       8   0.000%  99.645% 
[     100,     120 )      15   0.000%  99.645% 
[     120,     140 )      11   0.000%  99.645% 
[     140,     160 )       9   0.000%  99.645% 
[     160,     180 )       2   0.000%  99.645% 
[     200,     250 )       5   0.000%  99.645% 
[     250,     300 )      12   0.000%  99.645% 
[     300,     350 )       9   0.000%  99.645% 
[     350,     400 )      10   0.000%  99.645% 
[     400,     450 )      11   0.000%  99.645% 
[     450,     500 )      19   0.000%  99.646% 
[     500,     600 )      40   0.000%  99.646% 
[     600,     700 )      28   0.000%  99.646% 
[     700,     800 )      35   0.000%  99.647% 
[     800,     900 )      30   0.000%  99.647% 
[     900,    1000 )      18   0.000%  99.647% 
[    1000,    1200 )   33613   0.336%  99.983% 
[    1200,    1400 )     150   0.002%  99.985% 
[    1400,    1600 )     177   0.002%  99.987% 
[    1600,    1800 )     138   0.001%  99.988% 
[    1800,    2000 )     102   0.001%  99.989% 
[    2000,    2500 )     165   0.002%  99.991% 
[    2500,    3000 )     210   0.002%  99.993% 
[    3000,    3500 )     149   0.001%  99.994% 
[    3500,    4000 )     102   0.001%  99.995% 
[    4000,    4500 )      67   0.001%  99.996% 
[    4500,    5000 )      80   0.001%  99.997% 
[    5000,    6000 )     126   0.001%  99.998% 
[    6000,    7000 )      60   0.001%  99.999% 
[    7000,    8000 )      40   0.000%  99.999% 
[    8000,    9000 )      24   0.000%  99.999% 
[    9000,   10000 )      11   0.000%  99.999% 
[   10000,   12000 )      14   0.000%  99.999% 
[   12000,   14000 )       5   0.000%  99.999% 
[   14000,   16000 )       4   0.000% 100.000% 
[   16000,   18000 )       3   0.000% 100.000% 
[   18000,   20000 )       4   0.000% 100.000% 
[   20000,   25000 )      23   0.000% 100.000% 
[   25000,   30000 )      18   0.000% 100.000% 
[   30000,   35000 )       2   0.000% 100.000% 


                               Compactions
Level  Files Size(MB) Time(sec) Read(MB) Write(MB)
--------------------------------------------------
  0       10       36        12        0      2665
  1       23       81        24     4359      4274
  2      142      525        33    10284      9923
  3      347     1361         7     2267      2051

