GeForce GTX 1080 Ti : 1582.000 Mhz   (Ordinal 0)
28 SMs enabled. Compute Capability sm_61
FreeMem:  11021MB   TotalMem:  11178MB   64-bit pointers.
Mem Clock: 5505.000 Mhz x 352 bits   (484.4 GB/s)
ECC Disabled


Keys:       16 bytes each
Values:     256 bytes each (256 bytes after compression)
Entries:    10000000
RawSize:    2594.0 MB (estimated)
FileSize:   2594.0 MB (estimated)
------------------------------------------------
max-key:62350 max-gdi:15687 blk:3615 M:2048 MaxOutFile:15728640
max-key:62350 max-gdi:15687 blk:3615 M:2048 MaxOutFile:15728640
fillrandom   :       4.923 micros/op;   52.7 MB/s
Microseconds per op:
Count: 10000000  Average: 4.9225  StdDev: 82.79
Min: 1.0000  Median: 2.7262  Max: 28834.0000
------------------------------------------------------
[       1,       2 ) 1043936  10.439%  10.439% ##
[       2,       3 ) 5447732  54.477%  64.917% ###########
[       3,       4 ) 2050170  20.502%  85.418% ####
[       4,       5 )  774279   7.743%  93.161% ##
[       5,       6 )  311242   3.112%  96.274% #
[       6,       7 )  160802   1.608%  97.882% 
[       7,       8 )   81876   0.819%  98.700% 
[       8,       9 )   34211   0.342%  99.042% 
[       9,      10 )   18933   0.189%  99.232% 
[      10,      12 )   20749   0.207%  99.439% 
[      12,      14 )   15337   0.153%  99.593% 
[      14,      16 )    7217   0.072%  99.665% 
[      16,      18 )    4217   0.042%  99.707% 
[      18,      20 )    5664   0.057%  99.764% 
[      20,      25 )    2642   0.026%  99.790% 
[      25,      30 )     546   0.005%  99.796% 
[      30,      35 )     472   0.005%  99.800% 
[      35,      40 )     532   0.005%  99.806% 
[      40,      45 )     347   0.003%  99.809% 
[      45,      50 )     275   0.003%  99.812% 
[      50,      60 )     480   0.005%  99.817% 
[      60,      70 )     274   0.003%  99.819% 
[      70,      80 )      86   0.001%  99.820% 
[      80,      90 )      24   0.000%  99.820% 
[      90,     100 )      23   0.000%  99.821% 
[     100,     120 )      17   0.000%  99.821% 
[     120,     140 )       6   0.000%  99.821% 
[     140,     160 )      13   0.000%  99.821% 
[     160,     180 )       9   0.000%  99.821% 
[     180,     200 )       7   0.000%  99.821% 
[     200,     250 )      14   0.000%  99.821% 
[     250,     300 )      18   0.000%  99.822% 
[     300,     350 )      18   0.000%  99.822% 
[     350,     400 )      19   0.000%  99.822% 
[     400,     450 )      29   0.000%  99.822% 
[     450,     500 )      29   0.000%  99.822% 
[     500,     600 )      56   0.001%  99.823% 
[     600,     700 )      50   0.001%  99.824% 
[     700,     800 )      34   0.000%  99.824% 
[     800,     900 )      19   0.000%  99.824% 
[     900,    1000 )      19   0.000%  99.824% 
[    1000,    1200 )   15985   0.160%  99.984% 
[    1200,    1400 )      96   0.001%  99.985% 
[    1400,    1600 )      94   0.001%  99.986% 
[    1600,    1800 )     168   0.002%  99.988% 
[    1800,    2000 )     153   0.002%  99.989% 
[    2000,    2500 )     195   0.002%  99.991% 
[    2500,    3000 )     152   0.002%  99.993% 
[    3000,    3500 )     139   0.001%  99.994% 
[    3500,    4000 )     118   0.001%  99.995% 
[    4000,    4500 )      88   0.001%  99.996% 
[    4500,    5000 )      73   0.001%  99.997% 
[    5000,    6000 )     105   0.001%  99.998% 
[    6000,    7000 )      54   0.001%  99.998% 
[    7000,    8000 )      39   0.000%  99.999% 
[    8000,    9000 )      28   0.000%  99.999% 
[    9000,   10000 )      15   0.000%  99.999% 
[   10000,   12000 )      18   0.000%  99.999% 
[   12000,   14000 )      10   0.000% 100.000% 
[   14000,   16000 )       4   0.000% 100.000% 
[   16000,   18000 )       3   0.000% 100.000% 
[   18000,   20000 )       3   0.000% 100.000% 
[   20000,   25000 )      20   0.000% 100.000% 
[   25000,   30000 )      17   0.000% 100.000% 


                               Compactions
Level  Files Size(MB) Time(sec) Read(MB) Write(MB)
--------------------------------------------------
  0        9       32        12        0      2665
  1       29       96        13     4361      4280
  2      141      511        27    10237      9887
  3      345     1364         6     2431      2200

