GeForce GTX 1080 Ti : 1582.000 Mhz   (Ordinal 0)
28 SMs enabled. Compute Capability sm_61
FreeMem:  11019MB   TotalMem:  11178MB   64-bit pointers.
Mem Clock: 5505.000 Mhz x 352 bits   (484.4 GB/s)
ECC Disabled


Keys:       16 bytes each
Values:     256 bytes each (256 bytes after compression)
Entries:    10000000
RawSize:    2594.0 MB (estimated)
FileSize:   2594.0 MB (estimated)
------------------------------------------------
max-key:62350 max-gdi:15687 blk:3615 M:2048 MaxOutFile:15728640
max-key:62350 max-gdi:15687 blk:3615 M:2048 MaxOutFile:15728640
fillseq      :       3.107 micros/op;   83.5 MB/s
Microseconds per op:
Count: 10000000  Average: 3.1073  StdDev: 37.20
Min: 1.0000  Median: 3.2941  Max: 70056.0000
------------------------------------------------------
[       1,       2 )   34887   0.349%   0.349% 
[       2,       3 ) 3403673  34.037%  34.386% #######
[       3,       4 ) 5309417  53.094%  87.480% ###########
[       4,       5 )  472125   4.721%  92.201% #
[       5,       6 )  352097   3.521%  95.722% #
[       6,       7 )  276365   2.764%  98.486% #
[       7,       8 )   85452   0.855%  99.340% 
[       8,       9 )   30958   0.310%  99.650% 
[       9,      10 )   12975   0.130%  99.779% 
[      10,      12 )   10941   0.109%  99.889% 
[      12,      14 )    3858   0.039%  99.927% 
[      14,      16 )    2013   0.020%  99.948% 
[      16,      18 )    1045   0.010%  99.958% 
[      18,      20 )     892   0.009%  99.967% 
[      20,      25 )     754   0.008%  99.975% 
[      25,      30 )     205   0.002%  99.977% 
[      30,      35 )     146   0.001%  99.978% 
[      35,      40 )     307   0.003%  99.981% 
[      40,      45 )     117   0.001%  99.982% 
[      45,      50 )      29   0.000%  99.983% 
[      50,      60 )     176   0.002%  99.984% 
[      60,      70 )     306   0.003%  99.987% 
[      70,      80 )      65   0.001%  99.988% 
[      80,      90 )      59   0.001%  99.989% 
[      90,     100 )     124   0.001%  99.990% 
[     100,     120 )      73   0.001%  99.991% 
[     120,     140 )      15   0.000%  99.991% 
[     140,     160 )      17   0.000%  99.991% 
[     160,     180 )      21   0.000%  99.991% 
[     180,     200 )      14   0.000%  99.991% 
[     200,     250 )      16   0.000%  99.991% 
[     250,     300 )      17   0.000%  99.992% 
[     300,     350 )      12   0.000%  99.992% 
[     350,     400 )      14   0.000%  99.992% 
[     400,     450 )       8   0.000%  99.992% 
[     450,     500 )       9   0.000%  99.992% 
[     500,     600 )       7   0.000%  99.992% 
[     600,     700 )      10   0.000%  99.992% 
[     700,     800 )       8   0.000%  99.992% 
[     800,     900 )       3   0.000%  99.992% 
[     900,    1000 )       3   0.000%  99.992% 
[    1000,    1200 )      33   0.000%  99.993% 
[    1200,    1400 )     123   0.001%  99.994% 
[    1400,    1600 )     135   0.001%  99.995% 
[    1600,    1800 )     160   0.002%  99.997% 
[    1800,    2000 )     127   0.001%  99.998% 
[    2000,    2500 )     137   0.001%  99.999% 
[    2500,    3000 )      17   0.000% 100.000% 
[    3000,    3500 )       5   0.000% 100.000% 
[    3500,    4000 )       2   0.000% 100.000% 
[    6000,    7000 )       2   0.000% 100.000% 
[    8000,    9000 )       9   0.000% 100.000% 
[    9000,   10000 )      15   0.000% 100.000% 
[   60000,   70000 )       1   0.000% 100.000% 
[   70000,   80000 )       1   0.000% 100.000% 


                               Compactions
Level  Files Size(MB) Time(sec) Read(MB) Write(MB)
--------------------------------------------------
  2       28       99         6        0      2654
  3      283      999         0        0         0
  4      441     1556         0        0         0

