GeForce GTX 1080 Ti : 1582.000 Mhz   (Ordinal 0)
28 SMs enabled. Compute Capability sm_61
FreeMem:  11021MB   TotalMem:  11178MB   64-bit pointers.
Mem Clock: 5505.000 Mhz x 352 bits   (484.4 GB/s)
ECC Disabled


Keys:       16 bytes each
Values:     256 bytes each (256 bytes after compression)
Entries:    10000000
RawSize:    2594.0 MB (estimated)
FileSize:   2594.0 MB (estimated)
------------------------------------------------
max-key:62350 max-gdi:15687 blk:3615 M:2048 MaxOutFile:15728640
max-key:62350 max-gdi:15687 blk:3615 M:2048 MaxOutFile:15728640
max-key:62350 max-gdi:15687 blk:3615 M:2048 MaxOutFile:15728640
max-key:62350 max-gdi:15687 blk:3615 M:2048 MaxOutFile:15728640
fillrandom   :       5.471 micros/op;   47.4 MB/s
Microseconds per op:
Count: 10000000  Average: 5.4708  StdDev: 85.82
Min: 1.0000  Median: 3.0719  Max: 38335.0000
------------------------------------------------------
[       1,       2 )  618826   6.188%   6.188% #
[       2,       3 ) 4150991  41.510%  47.698% ########
[       3,       4 ) 3199632  31.996%  79.694% ######
[       4,       5 ) 1085009  10.850%  90.545% ##
[       5,       6 )  400790   4.008%  94.552% #
[       6,       7 )  246857   2.469%  97.021% 
[       7,       8 )  125154   1.252%  98.273% 
[       8,       9 )   57142   0.571%  98.844% 
[       9,      10 )   29227   0.292%  99.136% 
[      10,      12 )   26309   0.263%  99.399% 
[      12,      14 )   15663   0.157%  99.556% 
[      14,      16 )    8700   0.087%  99.643% 
[      16,      18 )    4278   0.043%  99.686% 
[      18,      20 )    5602   0.056%  99.742% 
[      20,      25 )    3112   0.031%  99.773% 
[      25,      30 )     707   0.007%  99.780% 
[      30,      35 )     387   0.004%  99.784% 
[      35,      40 )     359   0.004%  99.787% 
[      40,      45 )     333   0.003%  99.791% 
[      45,      50 )     326   0.003%  99.794% 
[      50,      60 )     517   0.005%  99.799% 
[      60,      70 )     437   0.004%  99.804% 
[      70,      80 )     239   0.002%  99.806% 
[      80,      90 )      96   0.001%  99.807% 
[      90,     100 )      39   0.000%  99.807% 
[     100,     120 )      53   0.001%  99.808% 
[     120,     140 )      38   0.000%  99.808% 
[     140,     160 )      14   0.000%  99.808% 
[     160,     180 )      22   0.000%  99.809% 
[     180,     200 )      18   0.000%  99.809% 
[     200,     250 )      27   0.000%  99.809% 
[     250,     300 )      30   0.000%  99.809% 
[     300,     350 )      40   0.000%  99.810% 
[     350,     400 )      33   0.000%  99.810% 
[     400,     450 )      39   0.000%  99.810% 
[     450,     500 )      43   0.000%  99.811% 
[     500,     600 )      56   0.001%  99.811% 
[     600,     700 )      44   0.000%  99.812% 
[     700,     800 )      39   0.000%  99.812% 
[     800,     900 )      26   0.000%  99.813% 
[     900,    1000 )      21   0.000%  99.813% 
[    1000,    1200 )   16698   0.167%  99.980% 
[    1200,    1400 )     227   0.002%  99.982% 
[    1400,    1600 )     185   0.002%  99.984% 
[    1600,    1800 )     129   0.001%  99.985% 
[    1800,    2000 )      94   0.001%  99.986% 
[    2000,    2500 )     269   0.003%  99.989% 
[    2500,    3000 )     283   0.003%  99.992% 
[    3000,    3500 )     185   0.002%  99.993% 
[    3500,    4000 )     162   0.002%  99.995% 
[    4000,    4500 )      95   0.001%  99.996% 
[    4500,    5000 )      91   0.001%  99.997% 
[    5000,    6000 )      83   0.001%  99.998% 
[    6000,    7000 )      55   0.001%  99.998% 
[    7000,    8000 )      33   0.000%  99.999% 
[    8000,    9000 )      27   0.000%  99.999% 
[    9000,   10000 )      22   0.000%  99.999% 
[   10000,   12000 )      24   0.000%  99.999% 
[   12000,   14000 )      12   0.000%  99.999% 
[   14000,   16000 )       3   0.000% 100.000% 
[   16000,   18000 )       6   0.000% 100.000% 
[   18000,   20000 )       7   0.000% 100.000% 
[   20000,   25000 )      28   0.000% 100.000% 
[   25000,   30000 )       3   0.000% 100.000% 
[   30000,   35000 )       3   0.000% 100.000% 
[   35000,   40000 )       1   0.000% 100.000% 


                               Compactions
Level  Files Size(MB) Time(sec) Read(MB) Write(MB)
--------------------------------------------------
  0        3       11        11        0      2665
  1       26       86        11     3786      3720
  2      102      346        27     9767      9513
  3      375     1482        13     4762      4343

