GeForce GTX 1080 Ti : 1582.000 Mhz   (Ordinal 0)
28 SMs enabled. Compute Capability sm_61
FreeMem:  11021MB   TotalMem:  11178MB   64-bit pointers.
Mem Clock: 5505.000 Mhz x 352 bits   (484.4 GB/s)
ECC Disabled


Keys:       16 bytes each
Values:     256 bytes each (256 bytes after compression)
Entries:    10000000
RawSize:    2594.0 MB (estimated)
FileSize:   2594.0 MB (estimated)
------------------------------------------------
max-key:62350 max-gdi:15687 blk:3615 M:2048 MaxOutFile:15728640
max-key:62350 max-gdi:15687 blk:3615 M:2048 MaxOutFile:15728640
max-key:62350 max-gdi:15687 blk:3615 M:2048 MaxOutFile:15728640
max-key:62350 max-gdi:15687 blk:3615 M:2048 MaxOutFile:15728640
fillrandom   :       5.066 micros/op;   51.2 MB/s
Microseconds per op:
Count: 10000000  Average: 5.0664  StdDev: 119.54
Min: 1.0000  Median: 3.6038  Max: 73575.0000
------------------------------------------------------
[       1,       2 )  167762   1.678%   1.678% 
[       2,       3 ) 2277462  22.775%  24.452% #####
[       3,       4 ) 4231360  42.314%  66.766% ########
[       4,       5 ) 1643915  16.439%  83.205% ###
[       5,       6 )  666148   6.661%  89.866% #
[       6,       7 )  465085   4.651%  94.517% #
[       7,       8 )  233965   2.340%  96.857% 
[       8,       9 )  113478   1.135%  97.992% 
[       9,      10 )   61636   0.616%  98.608% 
[      10,      12 )   61715   0.617%  99.225% 
[      12,      14 )   30228   0.302%  99.528% 
[      14,      16 )   15356   0.154%  99.681% 
[      16,      18 )    7746   0.077%  99.759% 
[      18,      20 )    5929   0.059%  99.818% 
[      20,      25 )    5283   0.053%  99.871% 
[      25,      30 )    1659   0.017%  99.887% 
[      30,      35 )     875   0.009%  99.896% 
[      35,      40 )     635   0.006%  99.902% 
[      40,      45 )     543   0.005%  99.908% 
[      45,      50 )     438   0.004%  99.912% 
[      50,      60 )     827   0.008%  99.920% 
[      60,      70 )     570   0.006%  99.926% 
[      70,      80 )     421   0.004%  99.930% 
[      80,      90 )     231   0.002%  99.933% 
[      90,     100 )     133   0.001%  99.934% 
[     100,     120 )     115   0.001%  99.935% 
[     120,     140 )      98   0.001%  99.936% 
[     140,     160 )      46   0.000%  99.937% 
[     160,     180 )      27   0.000%  99.937% 
[     180,     200 )      35   0.000%  99.937% 
[     200,     250 )      62   0.001%  99.938% 
[     250,     300 )      59   0.001%  99.938% 
[     300,     350 )      47   0.000%  99.939% 
[     350,     400 )      35   0.000%  99.939% 
[     400,     450 )      45   0.000%  99.940% 
[     450,     500 )      45   0.000%  99.940% 
[     500,     600 )      47   0.000%  99.941% 
[     600,     700 )      51   0.001%  99.941% 
[     700,     800 )      40   0.000%  99.942% 
[     800,     900 )      29   0.000%  99.942% 
[     900,    1000 )      36   0.000%  99.942% 
[    1000,    1200 )    3815   0.038%  99.980% 
[    1200,    1400 )     152   0.002%  99.982% 
[    1400,    1600 )      88   0.001%  99.983% 
[    1600,    1800 )     129   0.001%  99.984% 
[    1800,    2000 )     132   0.001%  99.985% 
[    2000,    2500 )     161   0.002%  99.987% 
[    2500,    3000 )     151   0.002%  99.988% 
[    3000,    3500 )     125   0.001%  99.990% 
[    3500,    4000 )     115   0.001%  99.991% 
[    4000,    4500 )     107   0.001%  99.992% 
[    4500,    5000 )      82   0.001%  99.993% 
[    5000,    6000 )     182   0.002%  99.995% 
[    6000,    7000 )     116   0.001%  99.996% 
[    7000,    8000 )      81   0.001%  99.997% 
[    8000,    9000 )      40   0.000%  99.997% 
[    9000,   10000 )      48   0.000%  99.997% 
[   10000,   12000 )      66   0.001%  99.998% 
[   12000,   14000 )      45   0.000%  99.999% 
[   14000,   16000 )      28   0.000%  99.999% 
[   16000,   18000 )      30   0.000%  99.999% 
[   18000,   20000 )      19   0.000%  99.999% 
[   20000,   25000 )      34   0.000% 100.000% 
[   25000,   30000 )      15   0.000% 100.000% 
[   30000,   35000 )       5   0.000% 100.000% 
[   35000,   40000 )       8   0.000% 100.000% 
[   40000,   45000 )       2   0.000% 100.000% 
[   45000,   50000 )       4   0.000% 100.000% 
[   50000,   60000 )       1   0.000% 100.000% 
[   60000,   70000 )       1   0.000% 100.000% 
[   70000,   80000 )       1   0.000% 100.000% 


                               Compactions
Level  Files Size(MB) Time(sec) Read(MB) Write(MB)
--------------------------------------------------
  0       17       60        15        0      2665
  1        4       14        14     3820      3768
  2       68      202        36     9516      8989
  3      400     1543        40    11340     10355
  4       15       55         0       60        58
  5        9       32         0       16        16
  6        5       18         0       22        21

