GeForce GTX 1080 Ti : 1582.000 Mhz   (Ordinal 0)
28 SMs enabled. Compute Capability sm_61
FreeMem:  11021MB   TotalMem:  11178MB   64-bit pointers.
Mem Clock: 5505.000 Mhz x 352 bits   (484.4 GB/s)
ECC Disabled


Keys:       16 bytes each
Values:     256 bytes each (256 bytes after compression)
Entries:    10000000
RawSize:    2594.0 MB (estimated)
FileSize:   2594.0 MB (estimated)
------------------------------------------------
max-key:62350 max-gdi:15687 blk:3615 M:2048 MaxOutFile:15728640
max-key:62350 max-gdi:15687 blk:3615 M:2048 MaxOutFile:15728640
max-key:62350 max-gdi:15687 blk:3615 M:2048 MaxOutFile:15728640
max-key:62350 max-gdi:15687 blk:3615 M:2048 MaxOutFile:15728640
fillrandom   :       5.050 micros/op;   51.4 MB/s
Microseconds per op:
Count: 10000000  Average: 5.0505  StdDev: 85.49
Min: 1.0000  Median: 2.8044  Max: 29927.0000
------------------------------------------------------
[       1,       2 )  939171   9.392%   9.392% ##
[       2,       3 ) 5048174  50.482%  59.873% ##########
[       3,       4 ) 2456033  24.560%  84.434% #####
[       4,       5 )  833468   8.335%  92.768% ##
[       5,       6 )  334742   3.347%  96.116% #
[       6,       7 )  174135   1.741%  97.857% 
[       7,       8 )   84292   0.843%  98.700% 
[       8,       9 )   37870   0.379%  99.079% 
[       9,      10 )   19989   0.200%  99.279% 
[      10,      12 )   20371   0.204%  99.482% 
[      12,      14 )   14355   0.144%  99.626% 
[      14,      16 )    6519   0.065%  99.691% 
[      16,      18 )    3623   0.036%  99.727% 
[      18,      20 )    4437   0.044%  99.772% 
[      20,      25 )    2000   0.020%  99.792% 
[      25,      30 )     473   0.005%  99.797% 
[      30,      35 )     406   0.004%  99.801% 
[      35,      40 )     408   0.004%  99.805% 
[      40,      45 )     270   0.003%  99.807% 
[      45,      50 )     198   0.002%  99.809% 
[      50,      60 )     339   0.003%  99.813% 
[      60,      70 )     350   0.004%  99.816% 
[      70,      80 )     303   0.003%  99.819% 
[      80,      90 )      96   0.001%  99.820% 
[      90,     100 )      40   0.000%  99.821% 
[     100,     120 )      37   0.000%  99.821% 
[     120,     140 )      22   0.000%  99.821% 
[     140,     160 )       7   0.000%  99.821% 
[     160,     180 )      13   0.000%  99.821% 
[     180,     200 )       8   0.000%  99.821% 
[     200,     250 )      14   0.000%  99.822% 
[     250,     300 )      14   0.000%  99.822% 
[     300,     350 )      23   0.000%  99.822% 
[     350,     400 )      16   0.000%  99.822% 
[     400,     450 )      14   0.000%  99.822% 
[     450,     500 )      15   0.000%  99.822% 
[     500,     600 )      45   0.000%  99.823% 
[     600,     700 )      40   0.000%  99.823% 
[     700,     800 )      34   0.000%  99.824% 
[     800,     900 )      38   0.000%  99.824% 
[     900,    1000 )      23   0.000%  99.824% 
[    1000,    1200 )   15882   0.159%  99.983% 
[    1200,    1400 )     152   0.002%  99.985% 
[    1400,    1600 )     108   0.001%  99.986% 
[    1600,    1800 )     141   0.001%  99.987% 
[    1800,    2000 )     152   0.002%  99.989% 
[    2000,    2500 )     171   0.002%  99.990% 
[    2500,    3000 )     187   0.002%  99.992% 
[    3000,    3500 )     145   0.001%  99.994% 
[    3500,    4000 )     133   0.001%  99.995% 
[    4000,    4500 )      97   0.001%  99.996% 
[    4500,    5000 )      81   0.001%  99.997% 
[    5000,    6000 )     114   0.001%  99.998% 
[    6000,    7000 )      50   0.001%  99.998% 
[    7000,    8000 )      29   0.000%  99.999% 
[    8000,    9000 )      25   0.000%  99.999% 
[    9000,   10000 )      20   0.000%  99.999% 
[   10000,   12000 )      19   0.000%  99.999% 
[   12000,   14000 )      15   0.000%  99.999% 
[   14000,   16000 )       6   0.000% 100.000% 
[   16000,   18000 )       7   0.000% 100.000% 
[   18000,   20000 )       3   0.000% 100.000% 
[   20000,   25000 )      21   0.000% 100.000% 
[   25000,   30000 )      17   0.000% 100.000% 


                               Compactions
Level  Files Size(MB) Time(sec) Read(MB) Write(MB)
--------------------------------------------------
  0       15       53        12        0      2665
  1       21       59        14     4322      4241
  2      153      553        27    10270      9920
  3      342     1351         6     2330      2111

