GeForce GTX 1080 Ti : 1582.000 Mhz   (Ordinal 0)
28 SMs enabled. Compute Capability sm_61
FreeMem:  11021MB   TotalMem:  11178MB   64-bit pointers.
Mem Clock: 5505.000 Mhz x 352 bits   (484.4 GB/s)
ECC Disabled


Keys:       16 bytes each
Values:     256 bytes each (256 bytes after compression)
Entries:    10000000
RawSize:    2594.0 MB (estimated)
FileSize:   2594.0 MB (estimated)
------------------------------------------------
max-key:62350 max-gdi:15687 blk:3615 M:2048 MaxOutFile:15728640
max-key:62350 max-gdi:15687 blk:3615 M:2048 MaxOutFile:15728640
fillrandom   :       5.068 micros/op;   51.2 MB/s
Microseconds per op:
Count: 10000000  Average: 5.0677  StdDev: 85.81
Min: 1.0000  Median: 2.7704  Max: 35707.0000
------------------------------------------------------
[       1,       2 )  952510   9.525%   9.525% ##
[       2,       3 ) 5253473  52.535%  62.060% ###########
[       3,       4 ) 2164972  21.650%  83.710% ####
[       4,       5 )  857024   8.570%  92.280% ##
[       5,       6 )  358480   3.585%  95.865% #
[       6,       7 )  177079   1.771%  97.635% 
[       7,       8 )   84543   0.845%  98.481% 
[       8,       9 )   41241   0.412%  98.893% 
[       9,      10 )   23367   0.234%  99.127% 
[      10,      12 )   24930   0.249%  99.376% 
[      12,      14 )   17419   0.174%  99.550% 
[      14,      16 )    8354   0.084%  99.634% 
[      16,      18 )    4864   0.049%  99.683% 
[      18,      20 )    7021   0.070%  99.753% 
[      20,      25 )    3391   0.034%  99.787% 
[      25,      30 )     598   0.006%  99.793% 
[      30,      35 )     319   0.003%  99.796% 
[      35,      40 )     255   0.003%  99.798% 
[      40,      45 )     318   0.003%  99.802% 
[      45,      50 )     331   0.003%  99.805% 
[      50,      60 )     557   0.006%  99.810% 
[      60,      70 )     356   0.004%  99.814% 
[      70,      80 )     142   0.001%  99.815% 
[      80,      90 )      38   0.000%  99.816% 
[      90,     100 )      18   0.000%  99.816% 
[     100,     120 )      19   0.000%  99.816% 
[     120,     140 )       5   0.000%  99.816% 
[     140,     160 )       4   0.000%  99.816% 
[     160,     180 )      13   0.000%  99.816% 
[     180,     200 )       5   0.000%  99.816% 
[     200,     250 )      12   0.000%  99.817% 
[     250,     300 )      20   0.000%  99.817% 
[     300,     350 )      21   0.000%  99.817% 
[     350,     400 )      18   0.000%  99.817% 
[     400,     450 )      25   0.000%  99.817% 
[     450,     500 )      21   0.000%  99.818% 
[     500,     600 )      49   0.000%  99.818% 
[     600,     700 )      47   0.000%  99.819% 
[     700,     800 )      43   0.000%  99.819% 
[     800,     900 )      34   0.000%  99.819% 
[     900,    1000 )      25   0.000%  99.820% 
[    1000,    1200 )   16493   0.165%  99.985% 
[    1200,    1400 )      89   0.001%  99.985% 
[    1400,    1600 )      87   0.001%  99.986% 
[    1600,    1800 )     123   0.001%  99.988% 
[    1800,    2000 )     129   0.001%  99.989% 
[    2000,    2500 )     171   0.002%  99.991% 
[    2500,    3000 )     186   0.002%  99.992% 
[    3000,    3500 )     141   0.001%  99.994% 
[    3500,    4000 )     113   0.001%  99.995% 
[    4000,    4500 )      90   0.001%  99.996% 
[    4500,    5000 )      86   0.001%  99.997% 
[    5000,    6000 )     108   0.001%  99.998% 
[    6000,    7000 )      80   0.001%  99.999% 
[    7000,    8000 )      39   0.000%  99.999% 
[    8000,    9000 )      19   0.000%  99.999% 
[    9000,   10000 )      13   0.000%  99.999% 
[   10000,   12000 )      14   0.000%  99.999% 
[   12000,   14000 )       6   0.000%  99.999% 
[   14000,   16000 )       5   0.000% 100.000% 
[   16000,   18000 )       2   0.000% 100.000% 
[   18000,   20000 )       6   0.000% 100.000% 
[   20000,   25000 )      14   0.000% 100.000% 
[   25000,   30000 )      24   0.000% 100.000% 
[   35000,   40000 )       1   0.000% 100.000% 


                               Compactions
Level  Files Size(MB) Time(sec) Read(MB) Write(MB)
--------------------------------------------------
  0       18       64        12        0      2665
  1       17       62        14     4301      4220
  2      148      538        28    10343      9986
  3      344     1348         6     2239      2027

