GeForce GTX 1080 Ti : 1582.000 Mhz   (Ordinal 0)
28 SMs enabled. Compute Capability sm_61
FreeMem:  11021MB   TotalMem:  11178MB   64-bit pointers.
Mem Clock: 5505.000 Mhz x 352 bits   (484.4 GB/s)
ECC Disabled


Keys:       16 bytes each
Values:     256 bytes each (256 bytes after compression)
Entries:    10000000
RawSize:    2594.0 MB (estimated)
FileSize:   2594.0 MB (estimated)
------------------------------------------------
max-key:62350 max-gdi:15687 blk:3615 M:2048 MaxOutFile:15728640
max-key:62350 max-gdi:15687 blk:3615 M:2048 MaxOutFile:15728640
max-key:62350 max-gdi:15687 blk:3615 M:2048 MaxOutFile:15728640
max-key:62350 max-gdi:15687 blk:3615 M:2048 MaxOutFile:15728640
fillrandom   :       5.465 micros/op;   47.5 MB/s
Microseconds per op:
Count: 10000000  Average: 5.4652  StdDev: 245.01
Min: 1.0000  Median: 3.4127  Max: 167912.0000
------------------------------------------------------
[       1,       2 )  233102   2.331%   2.331% 
[       2,       3 ) 2900754  29.008%  31.339% ######
[       3,       4 ) 4522038  45.220%  76.559% #########
[       4,       5 ) 1229042  12.290%  88.849% ##
[       5,       6 )  447894   4.479%  93.328% #
[       6,       7 )  352822   3.528%  96.857% #
[       7,       8 )  144400   1.444%  98.301% 
[       8,       9 )   61614   0.616%  98.917% 
[       9,      10 )   30023   0.300%  99.217% 
[      10,      12 )   29734   0.297%  99.514% 
[      12,      14 )   16373   0.164%  99.678% 
[      14,      16 )    8770   0.088%  99.766% 
[      16,      18 )    4002   0.040%  99.806% 
[      18,      20 )    4294   0.043%  99.849% 
[      20,      25 )    2401   0.024%  99.873% 
[      25,      30 )     715   0.007%  99.880% 
[      30,      35 )     384   0.004%  99.884% 
[      35,      40 )     344   0.003%  99.887% 
[      40,      45 )     327   0.003%  99.890% 
[      45,      50 )     342   0.003%  99.894% 
[      50,      60 )     401   0.004%  99.898% 
[      60,      70 )     160   0.002%  99.899% 
[      70,      80 )     112   0.001%  99.900% 
[      80,      90 )     107   0.001%  99.902% 
[      90,     100 )      88   0.001%  99.902% 
[     100,     120 )     129   0.001%  99.904% 
[     120,     140 )     101   0.001%  99.905% 
[     140,     160 )     108   0.001%  99.906% 
[     160,     180 )      87   0.001%  99.907% 
[     180,     200 )      68   0.001%  99.907% 
[     200,     250 )     153   0.002%  99.909% 
[     250,     300 )     118   0.001%  99.910% 
[     300,     350 )      64   0.001%  99.911% 
[     350,     400 )      46   0.000%  99.911% 
[     400,     450 )      35   0.000%  99.912% 
[     450,     500 )      24   0.000%  99.912% 
[     500,     600 )      49   0.000%  99.912% 
[     600,     700 )      59   0.001%  99.913% 
[     700,     800 )      59   0.001%  99.913% 
[     800,     900 )      41   0.000%  99.914% 
[     900,    1000 )      32   0.000%  99.914% 
[    1000,    1200 )    6898   0.069%  99.983% 
[    1200,    1400 )      99   0.001%  99.984% 
[    1400,    1600 )     130   0.001%  99.985% 
[    1600,    1800 )      82   0.001%  99.986% 
[    1800,    2000 )      73   0.001%  99.987% 
[    2000,    2500 )     170   0.002%  99.989% 
[    2500,    3000 )     151   0.002%  99.990% 
[    3000,    3500 )     133   0.001%  99.992% 
[    3500,    4000 )     105   0.001%  99.993% 
[    4000,    4500 )      77   0.001%  99.993% 
[    4500,    5000 )      59   0.001%  99.994% 
[    5000,    6000 )     106   0.001%  99.995% 
[    6000,    7000 )      73   0.001%  99.996% 
[    7000,    8000 )      51   0.001%  99.996% 
[    8000,    9000 )      33   0.000%  99.997% 
[    9000,   10000 )      32   0.000%  99.997% 
[   10000,   12000 )      37   0.000%  99.997% 
[   12000,   14000 )      25   0.000%  99.998% 
[   14000,   16000 )      22   0.000%  99.998% 
[   16000,   18000 )      19   0.000%  99.998% 
[   18000,   20000 )      23   0.000%  99.998% 
[   20000,   25000 )      36   0.000%  99.999% 
[   25000,   30000 )      22   0.000%  99.999% 
[   30000,   35000 )      27   0.000%  99.999% 
[   35000,   40000 )      24   0.000%  99.999% 
[   40000,   45000 )      15   0.000%  99.999% 
[   45000,   50000 )      12   0.000% 100.000% 
[   50000,   60000 )      15   0.000% 100.000% 
[   60000,   70000 )       6   0.000% 100.000% 
[   70000,   80000 )       5   0.000% 100.000% 
[   80000,   90000 )       6   0.000% 100.000% 
[   90000,  100000 )       8   0.000% 100.000% 
[  100000,  120000 )       4   0.000% 100.000% 
[  120000,  140000 )       2   0.000% 100.000% 
[  140000,  160000 )       2   0.000% 100.000% 
[  160000,  180000 )       2   0.000% 100.000% 


                               Compactions
Level  Files Size(MB) Time(sec) Read(MB) Write(MB)
--------------------------------------------------
  0        9       32        10        0      2665
  1       24       83        21     6373      6279
  2       92      286        41    12395     11248
  3      398     1537        28     8068      7216

