GeForce GTX 1080 Ti : 1582.000 Mhz   (Ordinal 0)
28 SMs enabled. Compute Capability sm_61
FreeMem:  11021MB   TotalMem:  11178MB   64-bit pointers.
Mem Clock: 5505.000 Mhz x 352 bits   (484.4 GB/s)
ECC Disabled


Keys:       16 bytes each
Values:     256 bytes each (256 bytes after compression)
Entries:    10000000
RawSize:    2594.0 MB (estimated)
FileSize:   2594.0 MB (estimated)
------------------------------------------------
max-key:62350 max-gdi:15687 blk:3615 M:2048 MaxOutFile:15728640
max-key:62350 max-gdi:15687 blk:3615 M:2048 MaxOutFile:15728640
max-key:62350 max-gdi:15687 blk:3615 M:2048 MaxOutFile:15728640
max-key:62350 max-gdi:15687 blk:3615 M:2048 MaxOutFile:15728640
fillrandom   :       5.389 micros/op;   48.1 MB/s
Microseconds per op:
Count: 10000000  Average: 5.3894  StdDev: 135.89
Min: 1.0000  Median: 3.5426  Max: 84719.0000
------------------------------------------------------
[       1,       2 )  113241   1.132%   1.132% 
[       2,       3 ) 2131295  21.313%  22.445% ####
[       3,       4 ) 5077952  50.780%  73.225% ##########
[       4,       5 ) 1497616  14.976%  88.201% ###
[       5,       6 )  414981   4.150%  92.351% #
[       6,       7 )  373775   3.738%  96.089% #
[       7,       8 )  182116   1.821%  97.910% 
[       8,       9 )   79034   0.790%  98.700% 
[       9,      10 )   35333   0.353%  99.053% 
[      10,      12 )   32768   0.328%  99.381% 
[      12,      14 )   19464   0.195%  99.576% 
[      14,      16 )   11462   0.115%  99.690% 
[      16,      18 )    5274   0.053%  99.743% 
[      18,      20 )    4907   0.049%  99.792% 
[      20,      25 )    3912   0.039%  99.831% 
[      25,      30 )    1375   0.014%  99.845% 
[      30,      35 )     663   0.007%  99.852% 
[      35,      40 )     461   0.005%  99.856% 
[      40,      45 )     453   0.005%  99.861% 
[      45,      50 )     346   0.003%  99.864% 
[      50,      60 )     765   0.008%  99.872% 
[      60,      70 )     523   0.005%  99.877% 
[      70,      80 )     421   0.004%  99.881% 
[      80,      90 )     259   0.003%  99.884% 
[      90,     100 )     187   0.002%  99.886% 
[     100,     120 )     312   0.003%  99.889% 
[     120,     140 )     270   0.003%  99.892% 
[     140,     160 )     187   0.002%  99.894% 
[     160,     180 )     117   0.001%  99.895% 
[     180,     200 )      81   0.001%  99.896% 
[     200,     250 )     126   0.001%  99.897% 
[     250,     300 )      66   0.001%  99.897% 
[     300,     350 )      41   0.000%  99.898% 
[     350,     400 )      37   0.000%  99.898% 
[     400,     450 )      31   0.000%  99.899% 
[     450,     500 )      34   0.000%  99.899% 
[     500,     600 )      44   0.000%  99.899% 
[     600,     700 )      57   0.001%  99.900% 
[     700,     800 )      45   0.000%  99.900% 
[     800,     900 )      56   0.001%  99.901% 
[     900,    1000 )      43   0.000%  99.901% 
[    1000,    1200 )    7441   0.074%  99.976% 
[    1200,    1400 )     288   0.003%  99.979% 
[    1400,    1600 )     223   0.002%  99.981% 
[    1600,    1800 )     185   0.002%  99.983% 
[    1800,    2000 )     126   0.001%  99.984% 
[    2000,    2500 )     299   0.003%  99.987% 
[    2500,    3000 )     239   0.002%  99.989% 
[    3000,    3500 )     182   0.002%  99.991% 
[    3500,    4000 )     140   0.001%  99.993% 
[    4000,    4500 )     106   0.001%  99.994% 
[    4500,    5000 )      72   0.001%  99.994% 
[    5000,    6000 )     113   0.001%  99.995% 
[    6000,    7000 )      84   0.001%  99.996% 
[    7000,    8000 )      58   0.001%  99.997% 
[    8000,    9000 )      40   0.000%  99.997% 
[    9000,   10000 )      38   0.000%  99.998% 
[   10000,   12000 )      46   0.000%  99.998% 
[   12000,   14000 )      25   0.000%  99.998% 
[   14000,   16000 )      22   0.000%  99.999% 
[   16000,   18000 )      20   0.000%  99.999% 
[   18000,   20000 )      18   0.000%  99.999% 
[   20000,   25000 )      43   0.000%  99.999% 
[   25000,   30000 )      23   0.000% 100.000% 
[   30000,   35000 )      14   0.000% 100.000% 
[   35000,   40000 )       7   0.000% 100.000% 
[   40000,   45000 )       7   0.000% 100.000% 
[   45000,   50000 )       1   0.000% 100.000% 
[   50000,   60000 )       4   0.000% 100.000% 
[   60000,   70000 )       3   0.000% 100.000% 
[   70000,   80000 )       2   0.000% 100.000% 
[   80000,   90000 )       1   0.000% 100.000% 


                               Compactions
Level  Files Size(MB) Time(sec) Read(MB) Write(MB)
--------------------------------------------------
  0        5       18        13        0      2665
  1       24       87        24     7828      7721
  2       87      261        46    13864     11954
  3      399     1550        29     9369      8328

