GeForce GTX 1080 Ti : 1582.000 Mhz   (Ordinal 0)
28 SMs enabled. Compute Capability sm_61
FreeMem:  11021MB   TotalMem:  11178MB   64-bit pointers.
Mem Clock: 5505.000 Mhz x 352 bits   (484.4 GB/s)
ECC Disabled


Keys:       16 bytes each
Values:     256 bytes each (256 bytes after compression)
Entries:    10000000
RawSize:    2594.0 MB (estimated)
FileSize:   2594.0 MB (estimated)
------------------------------------------------
max-key:62350 max-gdi:15687 blk:3615 M:2048 MaxOutFile:15728640
max-key:62350 max-gdi:15687 blk:3615 M:2048 MaxOutFile:15728640
max-key:62350 max-gdi:15687 blk:3615 M:2048 MaxOutFile:15728640
max-key:62350 max-gdi:15687 blk:3615 M:2048 MaxOutFile:15728640
fillrandom   :       4.448 micros/op;   58.3 MB/s
Microseconds per op:
Count: 10000000  Average: 4.4483  StdDev: 104.97
Min: 1.0000  Median: 3.1251  Max: 76512.0000
------------------------------------------------------
[       1,       2 )  513410   5.134%   5.134% #
[       2,       3 ) 4120168  41.202%  46.336% ########
[       3,       4 ) 2930119  29.301%  75.637% ######
[       4,       5 ) 1167505  11.675%  87.312% ##
[       5,       6 )  567339   5.673%  92.985% #
[       6,       7 )  325272   3.253%  96.238% #
[       7,       8 )  149272   1.493%  97.731% 
[       8,       9 )   71505   0.715%  98.446% 
[       9,      10 )   41511   0.415%  98.861% 
[      10,      12 )   46582   0.466%  99.327% 
[      12,      14 )   24228   0.242%  99.569% 
[      14,      16 )   12491   0.125%  99.694% 
[      16,      18 )    6443   0.064%  99.758% 
[      18,      20 )    7478   0.075%  99.833% 
[      20,      25 )    4859   0.049%  99.882% 
[      25,      30 )    1189   0.012%  99.894% 
[      30,      35 )     629   0.006%  99.900% 
[      35,      40 )     503   0.005%  99.905% 
[      40,      45 )     464   0.005%  99.910% 
[      45,      50 )     444   0.004%  99.914% 
[      50,      60 )     796   0.008%  99.922% 
[      60,      70 )     694   0.007%  99.929% 
[      70,      80 )     408   0.004%  99.933% 
[      80,      90 )     175   0.002%  99.935% 
[      90,     100 )      97   0.001%  99.936% 
[     100,     120 )     112   0.001%  99.937% 
[     120,     140 )      78   0.001%  99.938% 
[     140,     160 )      46   0.000%  99.938% 
[     160,     180 )      28   0.000%  99.938% 
[     180,     200 )      20   0.000%  99.939% 
[     200,     250 )      49   0.000%  99.939% 
[     250,     300 )      39   0.000%  99.940% 
[     300,     350 )      38   0.000%  99.940% 
[     350,     400 )      43   0.000%  99.940% 
[     400,     450 )      30   0.000%  99.941% 
[     450,     500 )      40   0.000%  99.941% 
[     500,     600 )      57   0.001%  99.942% 
[     600,     700 )      45   0.000%  99.942% 
[     700,     800 )      28   0.000%  99.942% 
[     800,     900 )      30   0.000%  99.943% 
[     900,    1000 )      39   0.000%  99.943% 
[    1000,    1200 )    3753   0.038%  99.981% 
[    1200,    1400 )     157   0.002%  99.982% 
[    1400,    1600 )      99   0.001%  99.983% 
[    1600,    1800 )     144   0.001%  99.985% 
[    1800,    2000 )     153   0.002%  99.986% 
[    2000,    2500 )     202   0.002%  99.988% 
[    2500,    3000 )     168   0.002%  99.990% 
[    3000,    3500 )     134   0.001%  99.991% 
[    3500,    4000 )     135   0.001%  99.992% 
[    4000,    4500 )     117   0.001%  99.994% 
[    4500,    5000 )     102   0.001%  99.995% 
[    5000,    6000 )     120   0.001%  99.996% 
[    6000,    7000 )      71   0.001%  99.997% 
[    7000,    8000 )      54   0.001%  99.997% 
[    8000,    9000 )      50   0.001%  99.998% 
[    9000,   10000 )      36   0.000%  99.998% 
[   10000,   12000 )      52   0.001%  99.999% 
[   12000,   14000 )      32   0.000%  99.999% 
[   14000,   16000 )      39   0.000%  99.999% 
[   16000,   18000 )      23   0.000%  99.999% 
[   18000,   20000 )      10   0.000% 100.000% 
[   20000,   25000 )      20   0.000% 100.000% 
[   25000,   30000 )       6   0.000% 100.000% 
[   30000,   35000 )       9   0.000% 100.000% 
[   35000,   40000 )       6   0.000% 100.000% 
[   40000,   45000 )       2   0.000% 100.000% 
[   45000,   50000 )       2   0.000% 100.000% 
[   70000,   80000 )       1   0.000% 100.000% 


                               Compactions
Level  Files Size(MB) Time(sec) Read(MB) Write(MB)
--------------------------------------------------
  0        6       21        14        0      2665
  1       16       56        13     3827      3776
  2       49      140        28     8177      7787
  3      347     1331        35    11301     10374
  4       89      352         2      620       602
  5       11       43         0       27        27
  6        6       20         0       29        27

