GeForce GTX 1080 Ti : 1582.000 Mhz   (Ordinal 0)
28 SMs enabled. Compute Capability sm_61
FreeMem:  11021MB   TotalMem:  11178MB   64-bit pointers.
Mem Clock: 5505.000 Mhz x 352 bits   (484.4 GB/s)
ECC Disabled


Keys:       16 bytes each
Values:     256 bytes each (256 bytes after compression)
Entries:    10000000
RawSize:    2594.0 MB (estimated)
FileSize:   2594.0 MB (estimated)
------------------------------------------------
max-key:62350 max-gdi:15687 blk:3615 M:2048 MaxOutFile:15728640
max-key:62350 max-gdi:15687 blk:3615 M:2048 MaxOutFile:15728640
max-key:62350 max-gdi:15687 blk:3615 M:2048 MaxOutFile:15728640
max-key:62350 max-gdi:15687 blk:3615 M:2048 MaxOutFile:15728640
fillrandom   :       4.390 micros/op;   59.1 MB/s
Microseconds per op:
Count: 10000000  Average: 4.3896  StdDev: 99.31
Min: 1.0000  Median: 3.0746  Max: 45471.0000
------------------------------------------------------
[       1,       2 )  595109   5.951%   5.951% #
[       2,       3 ) 4195152  41.952%  47.903% ########
[       3,       4 ) 2810182  28.102%  76.004% ######
[       4,       5 ) 1202475  12.025%  88.029% ##
[       5,       6 )  556577   5.566%  93.595% #
[       6,       7 )  299352   2.994%  96.588% #
[       7,       8 )  136429   1.364%  97.953% 
[       8,       9 )   65383   0.654%  98.607% 
[       9,      10 )   37638   0.376%  98.983% 
[      10,      12 )   39945   0.399%  99.382% 
[      12,      14 )   21259   0.213%  99.595% 
[      14,      16 )   10955   0.110%  99.705% 
[      16,      18 )    5766   0.058%  99.762% 
[      18,      20 )    7661   0.077%  99.839% 
[      20,      25 )    5001   0.050%  99.889% 
[      25,      30 )     953   0.010%  99.898% 
[      30,      35 )     466   0.005%  99.903% 
[      35,      40 )     357   0.004%  99.907% 
[      40,      45 )     357   0.004%  99.910% 
[      45,      50 )     390   0.004%  99.914% 
[      50,      60 )     844   0.008%  99.923% 
[      60,      70 )     611   0.006%  99.929% 
[      70,      80 )     346   0.003%  99.932% 
[      80,      90 )     197   0.002%  99.934% 
[      90,     100 )     100   0.001%  99.935% 
[     100,     120 )      99   0.001%  99.936% 
[     120,     140 )      51   0.001%  99.937% 
[     140,     160 )      59   0.001%  99.937% 
[     160,     180 )      33   0.000%  99.937% 
[     180,     200 )      24   0.000%  99.938% 
[     200,     250 )      55   0.001%  99.938% 
[     250,     300 )      44   0.000%  99.939% 
[     300,     350 )      39   0.000%  99.939% 
[     350,     400 )      38   0.000%  99.939% 
[     400,     450 )      32   0.000%  99.940% 
[     450,     500 )      32   0.000%  99.940% 
[     500,     600 )      52   0.001%  99.941% 
[     600,     700 )      47   0.000%  99.941% 
[     700,     800 )      44   0.000%  99.942% 
[     800,     900 )      31   0.000%  99.942% 
[     900,    1000 )      21   0.000%  99.942% 
[    1000,    1200 )    3964   0.040%  99.982% 
[    1200,    1400 )      83   0.001%  99.983% 
[    1400,    1600 )      98   0.001%  99.984% 
[    1600,    1800 )     117   0.001%  99.985% 
[    1800,    2000 )     149   0.001%  99.986% 
[    2000,    2500 )     187   0.002%  99.988% 
[    2500,    3000 )     165   0.002%  99.990% 
[    3000,    3500 )     154   0.002%  99.991% 
[    3500,    4000 )     117   0.001%  99.992% 
[    4000,    4500 )      91   0.001%  99.993% 
[    4500,    5000 )      92   0.001%  99.994% 
[    5000,    6000 )     121   0.001%  99.995% 
[    6000,    7000 )      99   0.001%  99.996% 
[    7000,    8000 )      65   0.001%  99.997% 
[    8000,    9000 )      49   0.000%  99.998% 
[    9000,   10000 )      37   0.000%  99.998% 
[   10000,   12000 )      63   0.001%  99.999% 
[   12000,   14000 )      35   0.000%  99.999% 
[   14000,   16000 )      26   0.000%  99.999% 
[   16000,   18000 )      28   0.000%  99.999% 
[   18000,   20000 )      13   0.000% 100.000% 
[   20000,   25000 )      20   0.000% 100.000% 
[   25000,   30000 )       8   0.000% 100.000% 
[   30000,   35000 )       7   0.000% 100.000% 
[   35000,   40000 )       4   0.000% 100.000% 
[   40000,   45000 )       1   0.000% 100.000% 
[   45000,   50000 )       1   0.000% 100.000% 


                               Compactions
Level  Files Size(MB) Time(sec) Read(MB) Write(MB)
--------------------------------------------------
  0        8       28        14        0      2665
  1       13       44        12     3411      3363
  2       70      204        29     8301      7971
  3      377     1452        36    11258     10297
  4       40      156         1      272       265
  5       11       43         0       27        27
  6        6       20         0       29        27

