GeForce GTX 1080 Ti : 1582.000 Mhz   (Ordinal 0)
28 SMs enabled. Compute Capability sm_61
FreeMem:  11021MB   TotalMem:  11178MB   64-bit pointers.
Mem Clock: 5505.000 Mhz x 352 bits   (484.4 GB/s)
ECC Disabled


Keys:       16 bytes each
Values:     256 bytes each (256 bytes after compression)
Entries:    10000000
RawSize:    2594.0 MB (estimated)
FileSize:   2594.0 MB (estimated)
------------------------------------------------
max-key:62350 max-gdi:15687 blk:3615 M:2048 MaxOutFile:15728640
max-key:62350 max-gdi:15687 blk:3615 M:2048 MaxOutFile:15728640
max-key:62350 max-gdi:15687 blk:3615 M:2048 MaxOutFile:15728640
max-key:62350 max-gdi:15687 blk:3615 M:2048 MaxOutFile:15728640
fillrandom   :       4.733 micros/op;   54.8 MB/s
Microseconds per op:
Count: 10000000  Average: 4.7333  StdDev: 100.09
Min: 1.0000  Median: 3.2480  Max: 56233.0000
------------------------------------------------------
[       1,       2 )  528538   5.285%   5.285% #
[       2,       3 ) 3575887  35.759%  41.044% #######
[       3,       4 ) 3611687  36.117%  77.161% #######
[       4,       5 ) 1181190  11.812%  88.973% ##
[       5,       6 )  464168   4.642%  93.615% #
[       6,       7 )  308934   3.089%  96.704% #
[       7,       8 )  141561   1.416%  98.120% 
[       8,       9 )   69204   0.692%  98.812% 
[       9,      10 )   36256   0.363%  99.174% 
[      10,      12 )   32979   0.330%  99.504% 
[      12,      14 )   16383   0.164%  99.668% 
[      14,      16 )    8115   0.081%  99.749% 
[      16,      18 )    4426   0.044%  99.793% 
[      18,      20 )    4512   0.045%  99.838% 
[      20,      25 )    2600   0.026%  99.864% 
[      25,      30 )     703   0.007%  99.871% 
[      30,      35 )     456   0.005%  99.876% 
[      35,      40 )     461   0.005%  99.881% 
[      40,      45 )     451   0.005%  99.885% 
[      45,      50 )     401   0.004%  99.889% 
[      50,      60 )     751   0.008%  99.897% 
[      60,      70 )     541   0.005%  99.902% 
[      70,      80 )     421   0.004%  99.906% 
[      80,      90 )     192   0.002%  99.908% 
[      90,     100 )      80   0.001%  99.909% 
[     100,     120 )     113   0.001%  99.910% 
[     120,     140 )      73   0.001%  99.911% 
[     140,     160 )      46   0.000%  99.911% 
[     160,     180 )      30   0.000%  99.912% 
[     180,     200 )      17   0.000%  99.912% 
[     200,     250 )      51   0.001%  99.912% 
[     250,     300 )      32   0.000%  99.913% 
[     300,     350 )      27   0.000%  99.913% 
[     350,     400 )      32   0.000%  99.913% 
[     400,     450 )      27   0.000%  99.913% 
[     450,     500 )      26   0.000%  99.914% 
[     500,     600 )      45   0.000%  99.914% 
[     600,     700 )      48   0.000%  99.915% 
[     700,     800 )      31   0.000%  99.915% 
[     800,     900 )      28   0.000%  99.915% 
[     900,    1000 )      32   0.000%  99.916% 
[    1000,    1200 )    6379   0.064%  99.979% 
[    1200,    1400 )     254   0.003%  99.982% 
[    1400,    1600 )     103   0.001%  99.983% 
[    1600,    1800 )     136   0.001%  99.984% 
[    1800,    2000 )     152   0.002%  99.986% 
[    2000,    2500 )     170   0.002%  99.987% 
[    2500,    3000 )     162   0.002%  99.989% 
[    3000,    3500 )     133   0.001%  99.990% 
[    3500,    4000 )     114   0.001%  99.992% 
[    4000,    4500 )     106   0.001%  99.993% 
[    4500,    5000 )      92   0.001%  99.994% 
[    5000,    6000 )     185   0.002%  99.995% 
[    6000,    7000 )     110   0.001%  99.997% 
[    7000,    8000 )      86   0.001%  99.997% 
[    8000,    9000 )      51   0.001%  99.998% 
[    9000,   10000 )      36   0.000%  99.998% 
[   10000,   12000 )      52   0.001%  99.999% 
[   12000,   14000 )      29   0.000%  99.999% 
[   14000,   16000 )      31   0.000%  99.999% 
[   16000,   18000 )      12   0.000%  99.999% 
[   18000,   20000 )      18   0.000% 100.000% 
[   20000,   25000 )      17   0.000% 100.000% 
[   25000,   30000 )       3   0.000% 100.000% 
[   30000,   35000 )       4   0.000% 100.000% 
[   35000,   40000 )       5   0.000% 100.000% 
[   40000,   45000 )       4   0.000% 100.000% 
[   50000,   60000 )       1   0.000% 100.000% 


                               Compactions
Level  Files Size(MB) Time(sec) Read(MB) Write(MB)
--------------------------------------------------
  0       18       64        15        0      2665
  1        7       23        13     3196      3150
  2       58      168        29     7171      6916
  3      355     1362        40    11290     10446
  4       72      284         2      554       533
  5       14       54         0       38        37
  6        7       23         0       35        34

