GeForce GTX 1080 Ti : 1582.000 Mhz   (Ordinal 0)
28 SMs enabled. Compute Capability sm_61
FreeMem:  11021MB   TotalMem:  11178MB   64-bit pointers.
Mem Clock: 5505.000 Mhz x 352 bits   (484.4 GB/s)
ECC Disabled


Keys:       16 bytes each
Values:     256 bytes each (256 bytes after compression)
Entries:    10000000
RawSize:    2594.0 MB (estimated)
FileSize:   2594.0 MB (estimated)
------------------------------------------------
max-key:62350 max-gdi:15687 blk:3615 M:2048 MaxOutFile:15728640
max-key:62350 max-gdi:15687 blk:3615 M:2048 MaxOutFile:15728640
max-key:62350 max-gdi:15687 blk:3615 M:2048 MaxOutFile:15728640
max-key:62350 max-gdi:15687 blk:3615 M:2048 MaxOutFile:15728640
fillrandom   :       5.137 micros/op;   50.5 MB/s
Microseconds per op:
Count: 10000000  Average: 5.1365  StdDev: 243.08
Min: 1.0000  Median: 3.4610  Max: 182829.0000
------------------------------------------------------
[       1,       2 )  163812   1.638%   1.638% 
[       2,       3 ) 2656435  26.564%  28.202% #####
[       3,       4 ) 4727998  47.280%  75.482% #########
[       4,       5 ) 1383644  13.836%  89.319% ###
[       5,       6 )  432550   4.326%  93.644% #
[       6,       7 )  324252   3.243%  96.887% #
[       7,       8 )  144130   1.441%  98.328% 
[       8,       9 )   62832   0.628%  98.957% 
[       9,      10 )   29784   0.298%  99.254% 
[      10,      12 )   27281   0.273%  99.527% 
[      12,      14 )   15452   0.155%  99.682% 
[      14,      16 )    8979   0.090%  99.771% 
[      16,      18 )    4207   0.042%  99.814% 
[      18,      20 )    4645   0.046%  99.860% 
[      20,      25 )    3010   0.030%  99.890% 
[      25,      30 )     938   0.009%  99.899% 
[      30,      35 )     497   0.005%  99.904% 
[      35,      40 )     454   0.005%  99.909% 
[      40,      45 )     414   0.004%  99.913% 
[      45,      50 )     384   0.004%  99.917% 
[      50,      60 )     424   0.004%  99.921% 
[      60,      70 )     213   0.002%  99.923% 
[      70,      80 )     161   0.002%  99.925% 
[      80,      90 )     155   0.002%  99.927% 
[      90,     100 )     148   0.001%  99.928% 
[     100,     120 )     225   0.002%  99.930% 
[     120,     140 )     197   0.002%  99.932% 
[     140,     160 )     165   0.002%  99.934% 
[     160,     180 )     101   0.001%  99.935% 
[     180,     200 )      81   0.001%  99.936% 
[     200,     250 )      97   0.001%  99.937% 
[     250,     300 )      67   0.001%  99.937% 
[     300,     350 )      42   0.000%  99.938% 
[     350,     400 )      35   0.000%  99.938% 
[     400,     450 )      31   0.000%  99.938% 
[     450,     500 )      42   0.000%  99.939% 
[     500,     600 )      63   0.001%  99.939% 
[     600,     700 )      55   0.001%  99.940% 
[     700,     800 )      50   0.001%  99.941% 
[     800,     900 )      44   0.000%  99.941% 
[     900,    1000 )      39   0.000%  99.941% 
[    1000,    1200 )    4220   0.042%  99.984% 
[    1200,    1400 )     127   0.001%  99.985% 
[    1400,    1600 )      99   0.001%  99.986% 
[    1600,    1800 )     100   0.001%  99.987% 
[    1800,    2000 )      73   0.001%  99.988% 
[    2000,    2500 )     146   0.001%  99.989% 
[    2500,    3000 )     144   0.001%  99.990% 
[    3000,    3500 )     126   0.001%  99.992% 
[    3500,    4000 )     112   0.001%  99.993% 
[    4000,    4500 )      97   0.001%  99.994% 
[    4500,    5000 )      68   0.001%  99.994% 
[    5000,    6000 )      78   0.001%  99.995% 
[    6000,    7000 )      73   0.001%  99.996% 
[    7000,    8000 )      58   0.001%  99.997% 
[    8000,    9000 )      36   0.000%  99.997% 
[    9000,   10000 )      30   0.000%  99.997% 
[   10000,   12000 )      30   0.000%  99.998% 
[   12000,   14000 )      22   0.000%  99.998% 
[   14000,   16000 )      19   0.000%  99.998% 
[   16000,   18000 )      22   0.000%  99.998% 
[   18000,   20000 )      28   0.000%  99.998% 
[   20000,   25000 )      31   0.000%  99.999% 
[   25000,   30000 )      21   0.000%  99.999% 
[   30000,   35000 )      30   0.000%  99.999% 
[   35000,   40000 )      13   0.000%  99.999% 
[   40000,   45000 )       7   0.000%  99.999% 
[   45000,   50000 )       7   0.000% 100.000% 
[   50000,   60000 )       9   0.000% 100.000% 
[   60000,   70000 )       8   0.000% 100.000% 
[   70000,   80000 )       9   0.000% 100.000% 
[   80000,   90000 )       7   0.000% 100.000% 
[   90000,  100000 )       1   0.000% 100.000% 
[  100000,  120000 )       7   0.000% 100.000% 
[  120000,  140000 )       6   0.000% 100.000% 
[  140000,  160000 )       2   0.000% 100.000% 
[  180000,  200000 )       1   0.000% 100.000% 


                               Compactions
Level  Files Size(MB) Time(sec) Read(MB) Write(MB)
--------------------------------------------------
  0       13       46         9        0      2661
  1       22       78        20     6742      6645
  2       97      324        40    12755     11475
  3      387     1513        24     7833      6988

