GeForce GTX 1080 Ti : 1582.000 Mhz   (Ordinal 0)
28 SMs enabled. Compute Capability sm_61
FreeMem:  11021MB   TotalMem:  11178MB   64-bit pointers.
Mem Clock: 5505.000 Mhz x 352 bits   (484.4 GB/s)
ECC Disabled


Keys:       16 bytes each
Values:     256 bytes each (256 bytes after compression)
Entries:    10000000
RawSize:    2594.0 MB (estimated)
FileSize:   2594.0 MB (estimated)
------------------------------------------------
max-key:62350 max-gdi:15687 blk:3615 M:2048 MaxOutFile:15728640
max-key:62350 max-gdi:15687 blk:3615 M:2048 MaxOutFile:15728640
fillrandom   :       5.091 micros/op;   51.0 MB/s
Microseconds per op:
Count: 10000000  Average: 5.0908  StdDev: 91.32
Min: 1.0000  Median: 2.9459  Max: 33187.0000
------------------------------------------------------
[       1,       2 )  757586   7.576%   7.576% ##
[       2,       3 ) 4485108  44.851%  52.427% #########
[       3,       4 ) 2743756  27.438%  79.865% #####
[       4,       5 ) 1120292  11.203%  91.067% ##
[       5,       6 )  396270   3.963%  95.030% #
[       6,       7 )  228589   2.286%  97.316% 
[       7,       8 )  111727   1.117%  98.433% 
[       8,       9 )   48285   0.483%  98.916% 
[       9,      10 )   25866   0.259%  99.175% 
[      10,      12 )   28458   0.285%  99.459% 
[      12,      14 )   16467   0.165%  99.624% 
[      14,      16 )    7033   0.070%  99.694% 
[      16,      18 )    3700   0.037%  99.731% 
[      18,      20 )    5412   0.054%  99.785% 
[      20,      25 )    2610   0.026%  99.812% 
[      25,      30 )     485   0.005%  99.816% 
[      30,      35 )     313   0.003%  99.820% 
[      35,      40 )     265   0.003%  99.822% 
[      40,      45 )     349   0.003%  99.826% 
[      45,      50 )     275   0.003%  99.828% 
[      50,      60 )     422   0.004%  99.833% 
[      60,      70 )     389   0.004%  99.837% 
[      70,      80 )     204   0.002%  99.839% 
[      80,      90 )      61   0.001%  99.839% 
[      90,     100 )      28   0.000%  99.840% 
[     100,     120 )      39   0.000%  99.840% 
[     120,     140 )      26   0.000%  99.840% 
[     140,     160 )      13   0.000%  99.840% 
[     160,     180 )      12   0.000%  99.840% 
[     180,     200 )       8   0.000%  99.840% 
[     200,     250 )      19   0.000%  99.841% 
[     250,     300 )      31   0.000%  99.841% 
[     300,     350 )      21   0.000%  99.841% 
[     350,     400 )      21   0.000%  99.841% 
[     400,     450 )      23   0.000%  99.842% 
[     450,     500 )      24   0.000%  99.842% 
[     500,     600 )      38   0.000%  99.842% 
[     600,     700 )      51   0.001%  99.843% 
[     700,     800 )      27   0.000%  99.843% 
[     800,     900 )      33   0.000%  99.843% 
[     900,    1000 )      25   0.000%  99.844% 
[    1000,    1200 )   13445   0.134%  99.978% 
[    1200,    1400 )     467   0.005%  99.983% 
[    1400,    1600 )     211   0.002%  99.985% 
[    1600,    1800 )     173   0.002%  99.987% 
[    1800,    2000 )     103   0.001%  99.988% 
[    2000,    2500 )     168   0.002%  99.989% 
[    2500,    3000 )     178   0.002%  99.991% 
[    3000,    3500 )     162   0.002%  99.993% 
[    3500,    4000 )     144   0.001%  99.994% 
[    4000,    4500 )     104   0.001%  99.995% 
[    4500,    5000 )      83   0.001%  99.996% 
[    5000,    6000 )     127   0.001%  99.997% 
[    6000,    7000 )      70   0.001%  99.998% 
[    7000,    8000 )      41   0.000%  99.998% 
[    8000,    9000 )      31   0.000%  99.999% 
[    9000,   10000 )      26   0.000%  99.999% 
[   10000,   12000 )      24   0.000%  99.999% 
[   12000,   14000 )      17   0.000%  99.999% 
[   14000,   16000 )       4   0.000%  99.999% 
[   16000,   18000 )       3   0.000%  99.999% 
[   18000,   20000 )       4   0.000%  99.999% 
[   20000,   25000 )      30   0.000% 100.000% 
[   25000,   30000 )      21   0.000% 100.000% 
[   30000,   35000 )       3   0.000% 100.000% 


                               Compactions
Level  Files Size(MB) Time(sec) Read(MB) Write(MB)
--------------------------------------------------
  0       11       39        12        0      2665
  1       20       64        13     4320      4241
  2      149      544        28    10718     10365
  3      344     1355         6     2495      2265

