GeForce GTX 1080 Ti : 1582.000 Mhz   (Ordinal 0)
28 SMs enabled. Compute Capability sm_61
FreeMem:  11021MB   TotalMem:  11178MB   64-bit pointers.
Mem Clock: 5505.000 Mhz x 352 bits   (484.4 GB/s)
ECC Disabled


Keys:       16 bytes each
Values:     256 bytes each (256 bytes after compression)
Entries:    10000000
RawSize:    2594.0 MB (estimated)
FileSize:   2594.0 MB (estimated)
------------------------------------------------
max-key:62350 max-gdi:15687 blk:3615 M:2048 MaxOutFile:15728640
max-key:62350 max-gdi:15687 blk:3615 M:2048 MaxOutFile:15728640
max-key:62350 max-gdi:15687 blk:3615 M:2048 MaxOutFile:15728640
max-key:62350 max-gdi:15687 blk:3615 M:2048 MaxOutFile:15728640
fillrandom   :       6.321 micros/op;   41.0 MB/s
Microseconds per op:
Count: 10000000  Average: 6.3211  StdDev: 389.75
Min: 1.0000  Median: 3.3223  Max: 732885.0000
------------------------------------------------------
[       1,       2 )  512382   5.124%   5.124% #
[       2,       3 ) 3261274  32.613%  37.737% #######
[       3,       4 ) 3805562  38.056%  75.792% ########
[       4,       5 ) 1167865  11.679%  87.471% ##
[       5,       6 )  517187   5.172%  92.643% #
[       6,       7 )  356674   3.567%  96.209% #
[       7,       8 )  156483   1.565%  97.774% 
[       8,       9 )   74672   0.747%  98.521% 
[       9,      10 )   40676   0.407%  98.928% 
[      10,      12 )   40201   0.402%  99.330% 
[      12,      14 )   20568   0.206%  99.535% 
[      14,      16 )    9340   0.093%  99.629% 
[      16,      18 )    5480   0.055%  99.684% 
[      18,      20 )    4969   0.050%  99.733% 
[      20,      25 )    3702   0.037%  99.770% 
[      25,      30 )    1227   0.012%  99.783% 
[      30,      35 )     761   0.008%  99.790% 
[      35,      40 )     553   0.006%  99.796% 
[      40,      45 )     349   0.003%  99.799% 
[      45,      50 )     341   0.003%  99.803% 
[      50,      60 )     543   0.005%  99.808% 
[      60,      70 )     413   0.004%  99.812% 
[      70,      80 )     363   0.004%  99.816% 
[      80,      90 )     119   0.001%  99.817% 
[      90,     100 )      56   0.001%  99.818% 
[     100,     120 )      53   0.001%  99.818% 
[     120,     140 )      42   0.000%  99.819% 
[     140,     160 )      21   0.000%  99.819% 
[     160,     180 )      18   0.000%  99.819% 
[     180,     200 )      14   0.000%  99.819% 
[     200,     250 )      32   0.000%  99.819% 
[     250,     300 )      38   0.000%  99.820% 
[     300,     350 )      23   0.000%  99.820% 
[     350,     400 )      29   0.000%  99.820% 
[     400,     450 )      16   0.000%  99.820% 
[     450,     500 )      28   0.000%  99.821% 
[     500,     600 )      53   0.001%  99.821% 
[     600,     700 )      26   0.000%  99.822% 
[     700,     800 )      28   0.000%  99.822% 
[     800,     900 )      28   0.000%  99.822% 
[     900,    1000 )      26   0.000%  99.822% 
[    1000,    1200 )   15109   0.151%  99.973% 
[    1200,    1400 )     513   0.005%  99.979% 
[    1400,    1600 )     202   0.002%  99.981% 
[    1600,    1800 )     164   0.002%  99.982% 
[    1800,    2000 )     198   0.002%  99.984% 
[    2000,    2500 )     345   0.003%  99.988% 
[    2500,    3000 )     210   0.002%  99.990% 
[    3000,    3500 )     142   0.001%  99.991% 
[    3500,    4000 )     121   0.001%  99.992% 
[    4000,    4500 )      87   0.001%  99.993% 
[    4500,    5000 )      95   0.001%  99.994% 
[    5000,    6000 )     134   0.001%  99.996% 
[    6000,    7000 )      74   0.001%  99.996% 
[    7000,    8000 )      58   0.001%  99.997% 
[    8000,    9000 )      32   0.000%  99.997% 
[    9000,   10000 )      27   0.000%  99.997% 
[   10000,   12000 )      45   0.000%  99.998% 
[   12000,   14000 )      32   0.000%  99.998% 
[   14000,   16000 )      21   0.000%  99.998% 
[   16000,   18000 )      19   0.000%  99.999% 
[   18000,   20000 )      15   0.000%  99.999% 
[   20000,   25000 )      53   0.001%  99.999% 
[   25000,   30000 )      17   0.000%  99.999% 
[   30000,   35000 )       7   0.000% 100.000% 
[   35000,   40000 )       9   0.000% 100.000% 
[   40000,   45000 )       2   0.000% 100.000% 
[   45000,   50000 )       4   0.000% 100.000% 
[   50000,   60000 )       5   0.000% 100.000% 
[   60000,   70000 )       3   0.000% 100.000% 
[   70000,   80000 )       9   0.000% 100.000% 
[   80000,   90000 )       2   0.000% 100.000% 
[   90000,  100000 )       2   0.000% 100.000% 
[  100000,  120000 )       4   0.000% 100.000% 
[  120000,  140000 )       2   0.000% 100.000% 
[  500000,  600000 )       1   0.000% 100.000% 
[  600000,  700000 )       1   0.000% 100.000% 
[  700000,  800000 )       1   0.000% 100.000% 


                               Compactions
Level  Files Size(MB) Time(sec) Read(MB) Write(MB)
--------------------------------------------------
  0        9       32        18        0      2665
  1       35      122        26     7344      7226
  2       95      290        55    12531     10967
  3      396     1535        33     8671      7691

