GeForce GTX 1080 Ti : 1582.000 Mhz   (Ordinal 0)
28 SMs enabled. Compute Capability sm_61
FreeMem:  11021MB   TotalMem:  11178MB   64-bit pointers.
Mem Clock: 5505.000 Mhz x 352 bits   (484.4 GB/s)
ECC Disabled


Keys:       16 bytes each
Values:     256 bytes each (256 bytes after compression)
Entries:    10000000
RawSize:    2594.0 MB (estimated)
FileSize:   2594.0 MB (estimated)
------------------------------------------------
max-key:62350 max-gdi:15687 blk:3615 M:2048 MaxOutFile:15728640
max-key:62350 max-gdi:15687 blk:3615 M:2048 MaxOutFile:15728640
fillrandom   :       6.590 micros/op;   39.4 MB/s
Microseconds per op:
Count: 10000000  Average: 6.5900  StdDev: 91.67
Min: 1.0000  Median: 2.7675  Max: 28042.0000
------------------------------------------------------
[       1,       2 ) 1025043  10.250%  10.250% ##
[       2,       3 ) 5178868  51.789%  62.039% ##########
[       3,       4 ) 2356544  23.565%  85.605% #####
[       4,       5 )  744450   7.445%  93.049% #
[       5,       6 )  302000   3.020%  96.069% #
[       6,       7 )  172925   1.729%  97.798% 
[       7,       8 )   81953   0.820%  98.618% 
[       8,       9 )   33260   0.333%  98.950% 
[       9,      10 )   16747   0.167%  99.118% 
[      10,      12 )   17893   0.179%  99.297% 
[      12,      14 )   15055   0.151%  99.447% 
[      14,      16 )    6954   0.070%  99.517% 
[      16,      18 )    4157   0.042%  99.558% 
[      18,      20 )    5726   0.057%  99.616% 
[      20,      25 )    2461   0.025%  99.640% 
[      25,      30 )     439   0.004%  99.645% 
[      30,      35 )     403   0.004%  99.649% 
[      35,      40 )     392   0.004%  99.653% 
[      40,      45 )     303   0.003%  99.656% 
[      45,      50 )     259   0.003%  99.658% 
[      50,      60 )     479   0.005%  99.663% 
[      60,      70 )     277   0.003%  99.666% 
[      70,      80 )      86   0.001%  99.667% 
[      80,      90 )      32   0.000%  99.667% 
[      90,     100 )      15   0.000%  99.667% 
[     100,     120 )      19   0.000%  99.667% 
[     120,     140 )      10   0.000%  99.668% 
[     140,     160 )       3   0.000%  99.668% 
[     160,     180 )       6   0.000%  99.668% 
[     180,     200 )       6   0.000%  99.668% 
[     200,     250 )      12   0.000%  99.668% 
[     250,     300 )      15   0.000%  99.668% 
[     300,     350 )      16   0.000%  99.668% 
[     350,     400 )      23   0.000%  99.668% 
[     400,     450 )      16   0.000%  99.668% 
[     450,     500 )      15   0.000%  99.669% 
[     500,     600 )      34   0.000%  99.669% 
[     600,     700 )      39   0.000%  99.669% 
[     700,     800 )      29   0.000%  99.670% 
[     800,     900 )      23   0.000%  99.670% 
[     900,    1000 )      16   0.000%  99.670% 
[    1000,    1200 )   31268   0.313%  99.983% 
[    1200,    1400 )     158   0.002%  99.984% 
[    1400,    1600 )     160   0.002%  99.986% 
[    1600,    1800 )     172   0.002%  99.988% 
[    1800,    2000 )     138   0.001%  99.989% 
[    2000,    2500 )     194   0.002%  99.991% 
[    2500,    3000 )     174   0.002%  99.993% 
[    3000,    3500 )     176   0.002%  99.994% 
[    3500,    4000 )     116   0.001%  99.996% 
[    4000,    4500 )      58   0.001%  99.996% 
[    4500,    5000 )      70   0.001%  99.997% 
[    5000,    6000 )     100   0.001%  99.998% 
[    6000,    7000 )      70   0.001%  99.999% 
[    7000,    8000 )      45   0.000%  99.999% 
[    8000,    9000 )      22   0.000%  99.999% 
[    9000,   10000 )      11   0.000%  99.999% 
[   10000,   12000 )      11   0.000%  99.999% 
[   12000,   14000 )       7   0.000% 100.000% 
[   14000,   16000 )       5   0.000% 100.000% 
[   16000,   18000 )       2   0.000% 100.000% 
[   18000,   20000 )       3   0.000% 100.000% 
[   20000,   25000 )      24   0.000% 100.000% 
[   25000,   30000 )      13   0.000% 100.000% 


                               Compactions
Level  Files Size(MB) Time(sec) Read(MB) Write(MB)
--------------------------------------------------
  0       13       46        12        0      2665
  1       24       78        23     4346      4264
  2      146      526        32    10262      9909
  3      345     1356         7     2350      2127

