GeForce GTX 1080 Ti : 1582.000 Mhz   (Ordinal 0)
28 SMs enabled. Compute Capability sm_61
FreeMem:  11021MB   TotalMem:  11178MB   64-bit pointers.
Mem Clock: 5505.000 Mhz x 352 bits   (484.4 GB/s)
ECC Disabled


Keys:       16 bytes each
Values:     256 bytes each (256 bytes after compression)
Entries:    10000000
RawSize:    2594.0 MB (estimated)
FileSize:   2594.0 MB (estimated)
------------------------------------------------
max-key:62350 max-gdi:15687 blk:3615 M:2048 MaxOutFile:15728640
max-key:62350 max-gdi:15687 blk:3615 M:2048 MaxOutFile:15728640
fillrandom   :       5.440 micros/op;   47.7 MB/s
Microseconds per op:
Count: 10000000  Average: 5.4401  StdDev: 88.44
Min: 1.0000  Median: 2.7995  Max: 40713.0000
------------------------------------------------------
[       1,       2 ) 1099935  10.999%  10.999% ##
[       2,       3 ) 4878276  48.783%  59.782% ##########
[       3,       4 ) 2516846  25.168%  84.951% #####
[       4,       5 )  789205   7.892%  92.843% ##
[       5,       6 )  302973   3.030%  95.872% #
[       6,       7 )  195707   1.957%  97.829% 
[       7,       8 )   90067   0.901%  98.730% 
[       8,       9 )   35708   0.357%  99.087% 
[       9,      10 )   17669   0.177%  99.264% 
[      10,      12 )   19676   0.197%  99.461% 
[      12,      14 )   14104   0.141%  99.602% 
[      14,      16 )    5788   0.058%  99.660% 
[      16,      18 )    3128   0.031%  99.691% 
[      18,      20 )    4106   0.041%  99.732% 
[      20,      25 )    2025   0.020%  99.752% 
[      25,      30 )     479   0.005%  99.757% 
[      30,      35 )     448   0.004%  99.761% 
[      35,      40 )     339   0.003%  99.765% 
[      40,      45 )     301   0.003%  99.768% 
[      45,      50 )     269   0.003%  99.770% 
[      50,      60 )     618   0.006%  99.777% 
[      60,      70 )     296   0.003%  99.780% 
[      70,      80 )      88   0.001%  99.781% 
[      80,      90 )      37   0.000%  99.781% 
[      90,     100 )      11   0.000%  99.781% 
[     100,     120 )      16   0.000%  99.781% 
[     120,     140 )      10   0.000%  99.781% 
[     140,     160 )       9   0.000%  99.781% 
[     160,     180 )       5   0.000%  99.781% 
[     180,     200 )       5   0.000%  99.781% 
[     200,     250 )      16   0.000%  99.782% 
[     250,     300 )      13   0.000%  99.782% 
[     300,     350 )      16   0.000%  99.782% 
[     350,     400 )      32   0.000%  99.782% 
[     400,     450 )      33   0.000%  99.783% 
[     450,     500 )       9   0.000%  99.783% 
[     500,     600 )      38   0.000%  99.783% 
[     600,     700 )      40   0.000%  99.783% 
[     700,     800 )      32   0.000%  99.784% 
[     800,     900 )      30   0.000%  99.784% 
[     900,    1000 )      31   0.000%  99.784% 
[    1000,    1200 )   19944   0.199%  99.984% 
[    1200,    1400 )     145   0.001%  99.985% 
[    1400,    1600 )     119   0.001%  99.986% 
[    1600,    1800 )     100   0.001%  99.987% 
[    1800,    2000 )     112   0.001%  99.989% 
[    2000,    2500 )     167   0.002%  99.990% 
[    2500,    3000 )     201   0.002%  99.992% 
[    3000,    3500 )     154   0.002%  99.994% 
[    3500,    4000 )     118   0.001%  99.995% 
[    4000,    4500 )      83   0.001%  99.996% 
[    4500,    5000 )      66   0.001%  99.996% 
[    5000,    6000 )     124   0.001%  99.998% 
[    6000,    7000 )      82   0.001%  99.998% 
[    7000,    8000 )      43   0.000%  99.999% 
[    8000,    9000 )      20   0.000%  99.999% 
[    9000,   10000 )      14   0.000%  99.999% 
[   10000,   12000 )      13   0.000%  99.999% 
[   12000,   14000 )      10   0.000%  99.999% 
[   14000,   16000 )       3   0.000% 100.000% 
[   16000,   18000 )       1   0.000% 100.000% 
[   18000,   20000 )       4   0.000% 100.000% 
[   20000,   25000 )      26   0.000% 100.000% 
[   25000,   30000 )      15   0.000% 100.000% 
[   30000,   35000 )       1   0.000% 100.000% 
[   40000,   45000 )       1   0.000% 100.000% 


                               Compactions
Level  Files Size(MB) Time(sec) Read(MB) Write(MB)
--------------------------------------------------
  0       18       64        12        0      2665
  1       18       51        14     4298      4217
  2      149      539        30    10376     10023
  3      344     1357         7     2408      2187

