GeForce GTX 1080 Ti : 1582.000 Mhz   (Ordinal 0)
28 SMs enabled. Compute Capability sm_61
FreeMem:  11021MB   TotalMem:  11178MB   64-bit pointers.
Mem Clock: 5505.000 Mhz x 352 bits   (484.4 GB/s)
ECC Disabled


Keys:       16 bytes each
Values:     256 bytes each (256 bytes after compression)
Entries:    10000000
RawSize:    2594.0 MB (estimated)
FileSize:   2594.0 MB (estimated)
------------------------------------------------
max-key:62350 max-gdi:15687 blk:3615 M:2048 MaxOutFile:15728640
max-key:62350 max-gdi:15687 blk:3615 M:2048 MaxOutFile:15728640
max-key:62350 max-gdi:15687 blk:3615 M:2048 MaxOutFile:15728640
max-key:62350 max-gdi:15687 blk:3615 M:2048 MaxOutFile:15728640
fillrandom   :       4.904 micros/op;   52.9 MB/s
Microseconds per op:
Count: 10000000  Average: 4.9044  StdDev: 112.39
Min: 1.0000  Median: 3.2589  Max: 95561.0000
------------------------------------------------------
[       1,       2 )  445851   4.459%   4.459% #
[       2,       3 ) 3785657  37.857%  42.315% ########
[       3,       4 ) 2967778  29.678%  71.993% ######
[       4,       5 ) 1362392  13.624%  85.617% ###
[       5,       6 )  659134   6.591%  92.208% #
[       6,       7 )  354662   3.547%  95.755% #
[       7,       8 )  168233   1.682%  97.437% 
[       8,       9 )   85065   0.851%  98.288% 
[       9,      10 )   48455   0.485%  98.772% 
[      10,      12 )   50110   0.501%  99.273% 
[      12,      14 )   25088   0.251%  99.524% 
[      14,      16 )   13323   0.133%  99.657% 
[      16,      18 )    6990   0.070%  99.727% 
[      18,      20 )    7355   0.074%  99.801% 
[      20,      25 )    5940   0.059%  99.860% 
[      25,      30 )    1297   0.013%  99.873% 
[      30,      35 )     625   0.006%  99.880% 
[      35,      40 )     448   0.004%  99.884% 
[      40,      45 )     384   0.004%  99.888% 
[      45,      50 )     349   0.003%  99.891% 
[      50,      60 )     644   0.006%  99.898% 
[      60,      70 )     506   0.005%  99.903% 
[      70,      80 )     310   0.003%  99.906% 
[      80,      90 )     214   0.002%  99.908% 
[      90,     100 )     104   0.001%  99.909% 
[     100,     120 )      89   0.001%  99.910% 
[     120,     140 )      50   0.001%  99.911% 
[     140,     160 )      38   0.000%  99.911% 
[     160,     180 )      31   0.000%  99.911% 
[     180,     200 )      28   0.000%  99.912% 
[     200,     250 )      70   0.001%  99.912% 
[     250,     300 )      40   0.000%  99.913% 
[     300,     350 )      32   0.000%  99.913% 
[     350,     400 )      40   0.000%  99.913% 
[     400,     450 )      43   0.000%  99.914% 
[     450,     500 )      38   0.000%  99.914% 
[     500,     600 )      55   0.001%  99.915% 
[     600,     700 )      37   0.000%  99.915% 
[     700,     800 )      27   0.000%  99.915% 
[     800,     900 )      24   0.000%  99.916% 
[     900,    1000 )      33   0.000%  99.916% 
[    1000,    1200 )    6355   0.064%  99.979% 
[    1200,    1400 )     169   0.002%  99.981% 
[    1400,    1600 )     123   0.001%  99.982% 
[    1600,    1800 )     161   0.002%  99.984% 
[    1800,    2000 )     120   0.001%  99.985% 
[    2000,    2500 )     219   0.002%  99.987% 
[    2500,    3000 )     188   0.002%  99.989% 
[    3000,    3500 )     155   0.002%  99.991% 
[    3500,    4000 )     121   0.001%  99.992% 
[    4000,    4500 )     133   0.001%  99.993% 
[    4500,    5000 )      77   0.001%  99.994% 
[    5000,    6000 )     146   0.001%  99.996% 
[    6000,    7000 )      89   0.001%  99.996% 
[    7000,    8000 )      70   0.001%  99.997% 
[    8000,    9000 )      44   0.000%  99.998% 
[    9000,   10000 )      44   0.000%  99.998% 
[   10000,   12000 )      40   0.000%  99.998% 
[   12000,   14000 )      39   0.000%  99.999% 
[   14000,   16000 )      25   0.000%  99.999% 
[   16000,   18000 )      18   0.000%  99.999% 
[   18000,   20000 )      21   0.000%  99.999% 
[   20000,   25000 )      21   0.000% 100.000% 
[   25000,   30000 )      14   0.000% 100.000% 
[   30000,   35000 )       8   0.000% 100.000% 
[   35000,   40000 )       6   0.000% 100.000% 
[   40000,   45000 )       1   0.000% 100.000% 
[   50000,   60000 )       2   0.000% 100.000% 
[   60000,   70000 )       1   0.000% 100.000% 
[   90000,  100000 )       1   0.000% 100.000% 


                               Compactions
Level  Files Size(MB) Time(sec) Read(MB) Write(MB)
--------------------------------------------------
  0        8       28        14        0      2665
  1       14       46        16     4473      4405
  2       71      203        35     9663      8917
  3      384     1463        36    10644      9647
  4       33      123         1      200       197
  5       10       36         0       28        27
  6        5       18         0       22        21

