GeForce GTX 1080 Ti : 1582.000 Mhz   (Ordinal 0)
28 SMs enabled. Compute Capability sm_61
FreeMem:  11021MB   TotalMem:  11178MB   64-bit pointers.
Mem Clock: 5505.000 Mhz x 352 bits   (484.4 GB/s)
ECC Disabled


Keys:       16 bytes each
Values:     256 bytes each (256 bytes after compression)
Entries:    10000000
RawSize:    2594.0 MB (estimated)
FileSize:   2594.0 MB (estimated)
------------------------------------------------
max-key:62350 max-gdi:15687 blk:3615 M:2048 MaxOutFile:15728640
max-key:62350 max-gdi:15687 blk:3615 M:2048 MaxOutFile:15728640
max-key:62350 max-gdi:15687 blk:3615 M:2048 MaxOutFile:15728640
max-key:62350 max-gdi:15687 blk:3615 M:2048 MaxOutFile:15728640
fillrandom   :       4.591 micros/op;   56.5 MB/s
Microseconds per op:
Count: 10000000  Average: 4.5909  StdDev: 108.50
Min: 1.0000  Median: 3.4746  Max: 52519.0000
------------------------------------------------------
[       1,       2 )  164604   1.646%   1.646% 
[       2,       3 ) 2561789  25.618%  27.264% #####
[       3,       4 ) 4790656  47.907%  75.170% ##########
[       4,       5 ) 1367959  13.680%  88.850% ###
[       5,       6 )  435219   4.352%  93.202% #
[       6,       7 )  342341   3.423%  96.626% #
[       7,       8 )  155761   1.558%  98.183% 
[       8,       9 )   68375   0.684%  98.867% 
[       9,      10 )   33175   0.332%  99.199% 
[      10,      12 )   31314   0.313%  99.512% 
[      12,      14 )   16177   0.162%  99.674% 
[      14,      16 )    8732   0.087%  99.761% 
[      16,      18 )    4343   0.043%  99.804% 
[      18,      20 )    4911   0.049%  99.854% 
[      20,      25 )    3365   0.034%  99.887% 
[      25,      30 )     971   0.010%  99.897% 
[      30,      35 )     594   0.006%  99.903% 
[      35,      40 )     460   0.005%  99.907% 
[      40,      45 )     387   0.004%  99.911% 
[      45,      50 )     308   0.003%  99.914% 
[      50,      60 )     739   0.007%  99.922% 
[      60,      70 )     521   0.005%  99.927% 
[      70,      80 )     480   0.005%  99.932% 
[      80,      90 )     273   0.003%  99.935% 
[      90,     100 )     224   0.002%  99.937% 
[     100,     120 )     344   0.003%  99.940% 
[     120,     140 )     281   0.003%  99.943% 
[     140,     160 )     211   0.002%  99.945% 
[     160,     180 )     142   0.001%  99.947% 
[     180,     200 )      96   0.001%  99.948% 
[     200,     250 )     120   0.001%  99.949% 
[     250,     300 )      71   0.001%  99.949% 
[     300,     350 )      47   0.000%  99.950% 
[     350,     400 )      55   0.001%  99.950% 
[     400,     450 )      45   0.000%  99.951% 
[     450,     500 )      37   0.000%  99.951% 
[     500,     600 )      78   0.001%  99.952% 
[     600,     700 )      48   0.000%  99.953% 
[     700,     800 )      33   0.000%  99.953% 
[     800,     900 )      38   0.000%  99.953% 
[     900,    1000 )      21   0.000%  99.953% 
[    1000,    1200 )    2672   0.027%  99.980% 
[    1200,    1400 )     141   0.001%  99.982% 
[    1400,    1600 )     150   0.002%  99.983% 
[    1600,    1800 )     121   0.001%  99.984% 
[    1800,    2000 )     102   0.001%  99.985% 
[    2000,    2500 )     188   0.002%  99.987% 
[    2500,    3000 )     158   0.002%  99.989% 
[    3000,    3500 )     169   0.002%  99.990% 
[    3500,    4000 )     135   0.001%  99.992% 
[    4000,    4500 )     124   0.001%  99.993% 
[    4500,    5000 )     100   0.001%  99.994% 
[    5000,    6000 )     140   0.001%  99.995% 
[    6000,    7000 )      96   0.001%  99.996% 
[    7000,    8000 )      75   0.001%  99.997% 
[    8000,    9000 )      48   0.000%  99.998% 
[    9000,   10000 )      33   0.000%  99.998% 
[   10000,   12000 )      39   0.000%  99.998% 
[   12000,   14000 )      41   0.000%  99.999% 
[   14000,   16000 )      28   0.000%  99.999% 
[   16000,   18000 )      22   0.000%  99.999% 
[   18000,   20000 )      15   0.000%  99.999% 
[   20000,   25000 )      24   0.000% 100.000% 
[   25000,   30000 )       9   0.000% 100.000% 
[   30000,   35000 )      11   0.000% 100.000% 
[   35000,   40000 )       8   0.000% 100.000% 
[   40000,   45000 )       3   0.000% 100.000% 
[   45000,   50000 )       2   0.000% 100.000% 
[   50000,   60000 )       1   0.000% 100.000% 


                               Compactions
Level  Files Size(MB) Time(sec) Read(MB) Write(MB)
--------------------------------------------------
  0        4       14        13        0      2665
  1       16       59        14     4254      4197
  2       82      250        35    10641      9991
  3      403     1550        34    11158     10103
  4        9       33         0       17        17
  5        7       25         0       13        13
  6        3       11         0       12        11

