GeForce GTX 1080 Ti : 1582.000 Mhz   (Ordinal 0)
28 SMs enabled. Compute Capability sm_61
FreeMem:  11021MB   TotalMem:  11178MB   64-bit pointers.
Mem Clock: 5505.000 Mhz x 352 bits   (484.4 GB/s)
ECC Disabled


Keys:       16 bytes each
Values:     256 bytes each (256 bytes after compression)
Entries:    10000000
RawSize:    2594.0 MB (estimated)
FileSize:   2594.0 MB (estimated)
------------------------------------------------
max-key:62350 max-gdi:15687 blk:3615 M:2048 MaxOutFile:15728640
max-key:62350 max-gdi:15687 blk:3615 M:2048 MaxOutFile:15728640
fillrandom   :       5.047 micros/op;   51.4 MB/s
Microseconds per op:
Count: 10000000  Average: 5.0473  StdDev: 86.49
Min: 1.0000  Median: 2.8317  Max: 36972.0000
------------------------------------------------------
[       1,       2 )  908149   9.081%   9.081% ##
[       2,       3 ) 4920064  49.201%  58.282% ##########
[       3,       4 ) 2549881  25.499%  83.781% #####
[       4,       5 )  842047   8.420%  92.201% ##
[       5,       6 )  344660   3.447%  95.648% #
[       6,       7 )  205316   2.053%  97.701% 
[       7,       8 )   98489   0.985%  98.686% 
[       8,       9 )   38527   0.385%  99.071% 
[       9,      10 )   20089   0.201%  99.272% 
[      10,      12 )   20625   0.206%  99.478% 
[      12,      14 )   14699   0.147%  99.625% 
[      14,      16 )    6968   0.070%  99.695% 
[      16,      18 )    3427   0.034%  99.729% 
[      18,      20 )    4489   0.045%  99.774% 
[      20,      25 )    2229   0.022%  99.797% 
[      25,      30 )     451   0.005%  99.801% 
[      30,      35 )     456   0.005%  99.806% 
[      35,      40 )     388   0.004%  99.810% 
[      40,      45 )     329   0.003%  99.813% 
[      45,      50 )     266   0.003%  99.815% 
[      50,      60 )     465   0.005%  99.820% 
[      60,      70 )     278   0.003%  99.823% 
[      70,      80 )      96   0.001%  99.824% 
[      80,      90 )      42   0.000%  99.824% 
[      90,     100 )      18   0.000%  99.824% 
[     100,     120 )      14   0.000%  99.825% 
[     120,     140 )       7   0.000%  99.825% 
[     140,     160 )       7   0.000%  99.825% 
[     160,     180 )       7   0.000%  99.825% 
[     180,     200 )      10   0.000%  99.825% 
[     200,     250 )       9   0.000%  99.825% 
[     250,     300 )      11   0.000%  99.825% 
[     300,     350 )      27   0.000%  99.825% 
[     350,     400 )      22   0.000%  99.826% 
[     400,     450 )      30   0.000%  99.826% 
[     450,     500 )      23   0.000%  99.826% 
[     500,     600 )      29   0.000%  99.826% 
[     600,     700 )      45   0.000%  99.827% 
[     700,     800 )      40   0.000%  99.827% 
[     800,     900 )      25   0.000%  99.828% 
[     900,    1000 )      13   0.000%  99.828% 
[    1000,    1200 )   15676   0.157%  99.984% 
[    1200,    1400 )      98   0.001%  99.985% 
[    1400,    1600 )     107   0.001%  99.986% 
[    1600,    1800 )      96   0.001%  99.987% 
[    1800,    2000 )     111   0.001%  99.989% 
[    2000,    2500 )     165   0.002%  99.990% 
[    2500,    3000 )     162   0.002%  99.992% 
[    3000,    3500 )     165   0.002%  99.993% 
[    3500,    4000 )     132   0.001%  99.995% 
[    4000,    4500 )     100   0.001%  99.996% 
[    4500,    5000 )      65   0.001%  99.996% 
[    5000,    6000 )     112   0.001%  99.998% 
[    6000,    7000 )      66   0.001%  99.998% 
[    7000,    8000 )      35   0.000%  99.999% 
[    8000,    9000 )      26   0.000%  99.999% 
[    9000,   10000 )      25   0.000%  99.999% 
[   10000,   12000 )      30   0.000%  99.999% 
[   12000,   14000 )      11   0.000%  99.999% 
[   14000,   16000 )       4   0.000% 100.000% 
[   16000,   18000 )       4   0.000% 100.000% 
[   18000,   20000 )       2   0.000% 100.000% 
[   20000,   25000 )      23   0.000% 100.000% 
[   25000,   30000 )      16   0.000% 100.000% 
[   30000,   35000 )       1   0.000% 100.000% 
[   35000,   40000 )       1   0.000% 100.000% 


                               Compactions
Level  Files Size(MB) Time(sec) Read(MB) Write(MB)
--------------------------------------------------
  0       16       57        12        0      2661
  1       22       74        13     4300      4221
  2      144      529        27    10544     10183
  3      342     1348         6     2295      2082

