GeForce GTX 1080 Ti : 1582.000 Mhz   (Ordinal 0)
28 SMs enabled. Compute Capability sm_61
FreeMem:  11021MB   TotalMem:  11178MB   64-bit pointers.
Mem Clock: 5505.000 Mhz x 352 bits   (484.4 GB/s)
ECC Disabled


Keys:       16 bytes each
Values:     256 bytes each (256 bytes after compression)
Entries:    10000000
RawSize:    2594.0 MB (estimated)
FileSize:   2594.0 MB (estimated)
------------------------------------------------
max-key:62350 max-gdi:15687 blk:3615 M:2048 MaxOutFile:15728640
max-key:62350 max-gdi:15687 blk:3615 M:2048 MaxOutFile:15728640
fillrandom   :       5.195 micros/op;   49.9 MB/s
Microseconds per op:
Count: 10000000  Average: 5.1951  StdDev: 88.75
Min: 1.0000  Median: 2.7659  Max: 49402.0000
------------------------------------------------------
[       1,       2 ) 1101978  11.020%  11.020% ##
[       2,       3 ) 5089532  50.895%  61.915% ##########
[       3,       4 ) 2494236  24.942%  86.857% #####
[       4,       5 )  697180   6.972%  93.829% #
[       5,       6 )  257497   2.575%  96.404% #
[       6,       7 )  177818   1.778%  98.182% 
[       7,       8 )   80438   0.804%  98.987% 
[       8,       9 )   30546   0.305%  99.292% 
[       9,      10 )   13814   0.138%  99.430% 
[      10,      12 )   12390   0.124%  99.554% 
[      12,      14 )    9918   0.099%  99.653% 
[      14,      16 )    4195   0.042%  99.695% 
[      16,      18 )    2419   0.024%  99.720% 
[      18,      20 )    3374   0.034%  99.753% 
[      20,      25 )    1610   0.016%  99.769% 
[      25,      30 )     369   0.004%  99.773% 
[      30,      35 )     255   0.003%  99.776% 
[      35,      40 )     343   0.003%  99.779% 
[      40,      45 )     347   0.003%  99.783% 
[      45,      50 )     285   0.003%  99.785% 
[      50,      60 )     608   0.006%  99.792% 
[      60,      70 )     286   0.003%  99.794% 
[      70,      80 )      88   0.001%  99.795% 
[      80,      90 )      47   0.000%  99.796% 
[      90,     100 )      20   0.000%  99.796% 
[     100,     120 )      22   0.000%  99.796% 
[     120,     140 )      11   0.000%  99.796% 
[     140,     160 )       5   0.000%  99.796% 
[     160,     180 )       5   0.000%  99.796% 
[     180,     200 )       8   0.000%  99.796% 
[     200,     250 )      18   0.000%  99.797% 
[     250,     300 )      15   0.000%  99.797% 
[     300,     350 )      22   0.000%  99.797% 
[     350,     400 )      20   0.000%  99.797% 
[     400,     450 )      23   0.000%  99.797% 
[     450,     500 )      27   0.000%  99.798% 
[     500,     600 )      40   0.000%  99.798% 
[     600,     700 )      39   0.000%  99.798% 
[     700,     800 )      35   0.000%  99.799% 
[     800,     900 )      24   0.000%  99.799% 
[     900,    1000 )      19   0.000%  99.799% 
[    1000,    1200 )   18448   0.184%  99.984% 
[    1200,    1400 )     158   0.002%  99.985% 
[    1400,    1600 )     165   0.002%  99.987% 
[    1600,    1800 )     117   0.001%  99.988% 
[    1800,    2000 )      72   0.001%  99.989% 
[    2000,    2500 )     189   0.002%  99.991% 
[    2500,    3000 )     189   0.002%  99.993% 
[    3000,    3500 )     139   0.001%  99.994% 
[    3500,    4000 )     110   0.001%  99.995% 
[    4000,    4500 )      83   0.001%  99.996% 
[    4500,    5000 )      73   0.001%  99.997% 
[    5000,    6000 )     101   0.001%  99.998% 
[    6000,    7000 )      64   0.001%  99.998% 
[    7000,    8000 )      37   0.000%  99.999% 
[    8000,    9000 )      25   0.000%  99.999% 
[    9000,   10000 )      10   0.000%  99.999% 
[   10000,   12000 )      25   0.000%  99.999% 
[   12000,   14000 )      12   0.000%  99.999% 
[   14000,   16000 )      11   0.000% 100.000% 
[   16000,   18000 )       3   0.000% 100.000% 
[   18000,   20000 )       3   0.000% 100.000% 
[   20000,   25000 )      20   0.000% 100.000% 
[   25000,   30000 )      15   0.000% 100.000% 
[   30000,   35000 )       3   0.000% 100.000% 
[   35000,   40000 )       1   0.000% 100.000% 
[   45000,   50000 )       1   0.000% 100.000% 


                               Compactions
Level  Files Size(MB) Time(sec) Read(MB) Write(MB)
--------------------------------------------------
  0        3       11        11        0      2665
  1       33      109        13     4372      4291
  2      137      503        28    10203      9863
  3      348     1376         7     2720      2475

